#
# There is insufficient memory for the Java Runtime Environment to continue.
# Native memory allocation (mmap) failed to map 65011712 bytes for Failed to commit area from 0x00000000c2800000 to 0x00000000c6600000 of length 65011712.
# Possible reasons:
#   The system is out of physical RAM or swap space
#   The process is running with CompressedOops enabled, and the Java Heap may be blocking the growth of the native heap
# Possible solutions:
#   Reduce memory load on the system
#   Increase physical memory or swap space
#   Check if swap backing store is full
#   Decrease Java heap size (-Xmx/-Xms)
#   Decrease number of Java threads
#   Decrease Java thread stack sizes (-Xss)
#   Set larger code cache with -XX:ReservedCodeCacheSize=
# This output file may be truncated or incomplete.
#
#  Out of Memory Error (./src/hotspot/os/windows/os_windows.cpp:3390), pid=13384, tid=9008
#
# JRE version:  (11.0.15+10) (build )
# Java VM: OpenJDK 64-Bit Server VM (11.0.15+10, mixed mode, sharing, tiered, compressed oops, g1 gc, windows-amd64)
# No core dump will be written. Minidumps are not enabled by default on client versions of Windows
#

---------------  S U M M A R Y ------------

Command Line: org.jetbrains.kotlin.cli.jvm.K2JVMCompiler @C:\Users\shahariar\Desktop\note\mynote\node_modules\react-native-screens\android\build\20221030_806453693834426099.compiler.options

Host: Intel(R) Celeron(R) CPU N3350 @ 1.10GHz, 2 cores, 3G,  Windows 10 , 64 bit Build 19041 (10.0.19041.1889)
Time: Sun Oct 30 09:35:45 2022 Bangladesh Standard Time elapsed time: 2.726214 seconds (0d 0h 0m 2s)

---------------  T H R E A D  ---------------

Current thread (0x0000023702d84000):  JavaThread "Unknown thread" [_thread_in_vm, id=9008, stack(0x0000006184f00000,0x0000006185000000)]

Stack: [0x0000006184f00000,0x0000006185000000]
Native frames: (J=compiled Java code, j=interpreted, Vv=VM code, C=native code)
V  [jvm.dll+0x64dd3a]
V  [jvm.dll+0x7906c9]
V  [jvm.dll+0x791d9c]
V  [jvm.dll+0x792463]
V  [jvm.dll+0x265048]
V  [jvm.dll+0x64ac9a]
V  [jvm.dll+0x63f205]
V  [jvm.dll+0x32090c]
V  [jvm.dll+0x320792]
V  [jvm.dll+0x326076]
V  [jvm.dll+0x374b2f]
V  [jvm.dll+0x374550]
V  [jvm.dll+0x2fbec8]
V  [jvm.dll+0x2fd036]
V  [jvm.dll+0x769e77]
V  [jvm.dll+0x76b63f]
V  [jvm.dll+0x3819c9]
V  [jvm.dll+0x74c60e]
V  [jvm.dll+0x3f489d]
V  [jvm.dll+0x3f6ab1]
C  [jli.dll+0x51c7]
C  [ucrtbase.dll+0x21bb2]
C  [KERNEL32.DLL+0x17034]
C  [ntdll.dll+0x526a1]


---------------  P R O C E S S  ---------------

Threads class SMR info:
_java_thread_list=0x0000023700bab170, length=0, elements={
}

Java Threads: ( => current thread )

Other Threads:
  0x0000023702d9a800 GCTaskThread "GC Thread#0" [stack: 0x0000006185000000,0x0000006185100000] [id=1244]
  0x0000023702db5000 ConcurrentGCThread "G1 Main Marker" [stack: 0x0000006185100000,0x0000006185200000] [id=6248]
  0x0000023702db6800 ConcurrentGCThread "G1 Conc#0" [stack: 0x0000006185200000,0x0000006185300000] [id=8116]

[error occurred during error reporting (printing all threads), id 0xc0000005, EXCEPTION_ACCESS_VIOLATION (0xc0000005) at pc=0x00007ffda7e7b8e7]

VM state:not at safepoint (not fully initialized)

VM Mutex/Monitor currently owned by a thread:  ([mutex/lock_event])
[0x0000023702d7ffb0] Heap_lock - owner thread: 0x0000023702d84000

Heap address: 0x00000000c2800000, size: 984 MB, Compressed Oops mode: Non-zero based: 0x00000000c2800000
Narrow klass base: 0x0000000000000000, Narrow klass shift: 0

GC Heap History (0 events):
No events

Deoptimization events (0 events):
No events

Classes redefined (0 events):
No events

Internal exceptions (0 events):
No events

Events (1 events):
Event: 0.165 Loaded shared library C:\Program Files\OpenJDK\openjdk-11.0.15_10\bin\zip.dll


Dynamic libraries:
0x00007ff6eca50000 - 0x00007ff6eca5d000 	C:\Program Files\OpenJDK\openjdk-11.0.15_10\bin\java.exe
0x00007ffe03f10000 - 0x00007ffe04108000 	C:\WINDOWS\SYSTEM32\ntdll.dll
0x00007ffe03550000 - 0x00007ffe0360d000 	C:\WINDOWS\System32\KERNEL32.DLL
0x00007ffe01820000 - 0x00007ffe01af2000 	C:\WINDOWS\System32\KERNELBASE.dll
0x00007ffe01c10000 - 0x00007ffe01d10000 	C:\WINDOWS\System32\ucrtbase.dll
0x00007ffdf6dc0000 - 0x00007ffdf6dd6000 	C:\Program Files\OpenJDK\openjdk-11.0.15_10\bin\VCRUNTIME140.dll
0x00007ffdf6f90000 - 0x00007ffdf6fa8000 	C:\Program Files\OpenJDK\openjdk-11.0.15_10\bin\jli.dll
0x00007ffe028c0000 - 0x00007ffe02a5d000 	C:\WINDOWS\System32\USER32.dll
0x00007ffe01620000 - 0x00007ffe01642000 	C:\WINDOWS\System32\win32u.dll
0x00007ffe03ea0000 - 0x00007ffe03ecb000 	C:\WINDOWS\System32\GDI32.dll
0x00007ffde7050000 - 0x00007ffde72ea000 	C:\WINDOWS\WinSxS\amd64_microsoft.windows.common-controls_6595b64144ccf1df_6.0.19041.1110_none_60b5254171f9507e\COMCTL32.dll
0x00007ffe01b00000 - 0x00007ffe01c0f000 	C:\WINDOWS\System32\gdi32full.dll
0x00007ffe016a0000 - 0x00007ffe0173d000 	C:\WINDOWS\System32\msvcp_win.dll
0x00007ffe03360000 - 0x00007ffe033fe000 	C:\WINDOWS\System32\msvcrt.dll
0x00007ffe03610000 - 0x00007ffe03640000 	C:\WINDOWS\System32\IMM32.DLL
0x00007ffdba1a0000 - 0x00007ffdba24a000 	C:\Program Files\OpenJDK\openjdk-11.0.15_10\bin\msvcp140.dll
0x00007ffda7b70000 - 0x00007ffda86c1000 	C:\Program Files\OpenJDK\openjdk-11.0.15_10\bin\server\jvm.dll
0x00007ffe038c0000 - 0x00007ffe0396e000 	C:\WINDOWS\System32\ADVAPI32.dll
0x00007ffe03b80000 - 0x00007ffe03c1c000 	C:\WINDOWS\System32\sechost.dll
0x00007ffe03980000 - 0x00007ffe03aa5000 	C:\WINDOWS\System32\RPCRT4.dll
0x00007ffe03d50000 - 0x00007ffe03d58000 	C:\WINDOWS\System32\PSAPI.DLL
0x00007ffde1c30000 - 0x00007ffde1c39000 	C:\WINDOWS\SYSTEM32\WSOCK32.dll
0x00007ffe03700000 - 0x00007ffe0376b000 	C:\WINDOWS\System32\WS2_32.dll
0x00007ffde30b0000 - 0x00007ffde30d7000 	C:\WINDOWS\SYSTEM32\WINMM.dll
0x00007ffdfa170000 - 0x00007ffdfa17a000 	C:\WINDOWS\SYSTEM32\VERSION.dll
0x00007ffdffec0000 - 0x00007ffdffed2000 	C:\WINDOWS\SYSTEM32\kernel.appcore.dll
0x00007ffdf6780000 - 0x00007ffdf6791000 	C:\Program Files\OpenJDK\openjdk-11.0.15_10\bin\verify.dll
0x00007ffdffb80000 - 0x00007ffdffd64000 	C:\WINDOWS\SYSTEM32\DBGHELP.DLL
0x00007ffded180000 - 0x00007ffded1ac000 	C:\WINDOWS\SYSTEM32\dbgcore.DLL
0x00007ffe01ee0000 - 0x00007ffe01f62000 	C:\WINDOWS\System32\bcryptPrimitives.dll
0x00007ffdf6410000 - 0x00007ffdf6439000 	C:\Program Files\OpenJDK\openjdk-11.0.15_10\bin\java.dll
0x00007ffdfaef0000 - 0x00007ffdfaefa000 	C:\Program Files\OpenJDK\openjdk-11.0.15_10\bin\jimage.dll
0x00007ffdf5ac0000 - 0x00007ffdf5ad8000 	C:\Program Files\OpenJDK\openjdk-11.0.15_10\bin\zip.dll

dbghelp: loaded successfully - version: 4.0.5 - missing functions: none
symbol engine: initialized successfully - sym options: 0x614 - pdb path: .;C:\Program Files\OpenJDK\openjdk-11.0.15_10\bin;C:\WINDOWS\SYSTEM32;C:\WINDOWS\WinSxS\amd64_microsoft.windows.common-controls_6595b64144ccf1df_6.0.19041.1110_none_60b5254171f9507e;C:\Program Files\OpenJDK\openjdk-11.0.15_10\bin\server

VM Arguments:
java_command: org.jetbrains.kotlin.cli.jvm.K2JVMCompiler @C:\Users\shahariar\Desktop\note\mynote\node_modules\react-native-screens\android\build\20221030_806453693834426099.compiler.options
java_class_path (initial): C:\Users\shahariar\.gradle\caches\modules-2\files-2.1\org.jetbrains.kotlin\kotlin-compiler-embeddable\1.6.21\97bdd5a752ce73b58ef16c17bc7f0ea2faff7a2e\kotlin-compiler-embeddable-1.6.21.jar;C:\Users\shahariar\.gradle\caches\modules-2\files-2.1\org.jetbrains.kotlin\kotlin-reflect\1.6.21\5dc3574d9b7bebfcb4ec6b10ada4aaa9e140bd0b\kotlin-reflect-1.6.21.jar;C:\Users\shahariar\.gradle\caches\modules-2\files-2.1\org.jetbrains.kotlin\kotlin-stdlib\1.6.21\11ef67f1900634fd951bad28c53ec957fabbe5b8\kotlin-stdlib-1.6.21.jar;C:\Users\shahariar\.gradle\caches\modules-2\files-2.1\org.jetbrains.kotlin\kotlin-script-runtime\1.6.21\99c6675100da5d6d5b1c5a1032f27f28008d101b\kotlin-script-runtime-1.6.21.jar;C:\Users\shahariar\.gradle\caches\modules-2\files-2.1\org.jetbrains.kotlin\kotlin-daemon-embeddable\1.6.21\46b78cf392e1c4f10854c3cadba44abb7b82250f\kotlin-daemon-embeddable-1.6.21.jar;C:\Users\shahariar\.gradle\caches\modules-2\files-2.1\org.jetbrains.intellij.deps\trove4j\1.0.20200330\3afb14d5f9ceb459d724e907a21145e8ff394f02\trove4j-1.0.20200330.jar;C:\Users\shahariar\.gradle\caches\modules-2\files-2.1\net.java.dev.jna\jna\5.6.0\330f2244e9030119ab3030fc3fededc86713d9cc\jna-5.6.0.jar;C:\Users\shahariar\.gradle\caches\modules-2\files-2.1\org.jetbrains.kotlin\kotlin-stdlib-common\1.6.21\5e5b55c26dbc80372a920aef60eb774b714559b8\kotlin-stdlib-common-1.6.21.jar;C:\Users\shahariar\.gradle\caches\modules-2\files-2.1\org.jetbrains\annotations\13.0\919f0dfe192fb4e063e7dacadee7f8bb9a2672a9\annotations-13.0.jar
Launcher Type: SUN_STANDARD

[Global flags]
     intx CICompilerCount                          = 2                                         {product} {ergonomic}
     uint ConcGCThreads                            = 1                                         {product} {ergonomic}
     uint G1ConcRefinementThreads                  = 2                                         {product} {ergonomic}
   size_t G1HeapRegionSize                         = 1048576                                   {product} {ergonomic}
    uintx GCDrainStackTargetSize                   = 64                                        {product} {ergonomic}
   size_t InitialHeapSize                          = 65011712                                  {product} {ergonomic}
   size_t MarkStackSize                            = 4194304                                   {product} {ergonomic}
   size_t MaxHeapSize                              = 1031798784                                {product} {ergonomic}
   size_t MinHeapDeltaBytes                        = 1048576                                   {product} {ergonomic}
    uintx NonNMethodCodeHeapSize                   = 5825164                                {pd product} {ergonomic}
    uintx NonProfiledCodeHeapSize                  = 122916538                              {pd product} {ergonomic}
    uintx ProfiledCodeHeapSize                     = 122916538                              {pd product} {ergonomic}
    uintx ReservedCodeCacheSize                    = 251658240                              {pd product} {ergonomic}
     bool SegmentedCodeCache                       = true                                      {product} {ergonomic}
     bool UseCompressedClassPointers               = true                                 {lp64_product} {ergonomic}
     bool UseCompressedOops                        = true                                 {lp64_product} {ergonomic}
     bool UseG1GC                                  = true                                      {product} {ergonomic}
     bool UseLargePagesIndividualAllocation        = false                                  {pd product} {ergonomic}

Logging:
Log output configuration:
 #0: stdout all=warning uptime,level,tags
 #1: stderr all=off uptime,level,tags

Environment Variables:
JAVA_HOME=C:\Program Files\OpenJDK\openjdk-11.0.15_10
CLASSPATH=C:\Users\shahariar\Desktop\note\mynote\android\\gradle\wrapper\gradle-wrapper.jar
PATH=C:\Users\shahariar\Desktop\note\mynote\android\node_modules\.bin;C:\Users\shahariar\Desktop\note\mynote\node_modules\.bin;C:\Users\shahariar\Desktop\note\node_modules\.bin;C:\Users\shahariar\Desktop\node_modules\.bin;C:\Users\shahariar\node_modules\.bin;C:\Users\node_modules\.bin;C:\node_modules\.bin;C:\Users\shahariar\node_modules\node\bin;C:\Users\shahariar\Desktop\note\mynote\node_modules\.bin;C:\Users\shahariar\Desktop\note\node_modules\.bin;C:\Users\shahariar\Desktop\node_modules\.bin;C:\Users\shahariar\node_modules\.bin;C:\Users\node_modules\.bin;C:\node_modules\.bin;C:\Program Files\nodejs\node_modules\npm\node_modules\@npmcli\run-script\lib\node-gyp-bin;C:\Program Files (x86)\Intel\TXE Components\iCLS\;C:\Program Files\Intel\TXE Components\iCLS\;C:\WINDOWS\system32;C:\WINDOWS;C:\WINDOWS\System32\Wbem;C:\WINDOWS\System32\WindowsPowerShell\v1.0\;C:\WINDOWS\System32\OpenSSH\;C:\Users\Administrator\AppData\Local\Microsoft\WindowsApps;C:\Recovery\OEM\Backup\;C:\Program Files\Intel\TXE Components\DAL\;C:\Program Files (x86)\Intel\TXE Components\DAL\;C:\Program Files\Intel\TXE Components\IPT\;C:\Program Files (x86)\Intel\TXE Components\IPT\;C:\Program Files\Intel\WiFi\bin\;C:\Program Files\Common Files\Intel\WirelessCommon\;C:\Users\shahariar\AppData\Local\Programs\Python\Python38-32;C:\WINDOWS\system32;C:\WINDOWS;C:\WINDOWS\System32\Wbem;C:\WINDOWS\System32\WindowsPowerShell\v1.0\;C:\WINDOWS\System32\OpenSSH\;C:\xampp\php;C:\ProgramData\ComposerSetup\bin;C:\Users\shahariar\node_modules;C:\Users\shahariar\Desktop\shaki\newapp;C:\MinGW\bin;C:\ProgramData\chocolatey\bin;C:\Program Files\OpenJDK\openjdk-8u302-b08\bin;C:\Users\shahariar\AppData\Local\Android\Sdk\platform-tools;C:\xampp\php;C:\Program Files\OpenJDK\openjdk-11.0.15_10\bin;C:\Program Files\Git\bin\;C:\Program Files\Git\cmd\;C:\Program Files (x86)\Git\cmd;C:\Users\shahariar\AppData\Roaming\npm;C:\Users\shahariar;C:\Users\shahariar\AppData\Local\Android\sdk\platform-tools;C:\Users\shahariar\AppData\Roamin
USERNAME=shahariar
LANG=en_US.UTF-8
OS=Windows_NT
PROCESSOR_IDENTIFIER=Intel64 Family 6 Model 92 Stepping 9, GenuineIntel



---------------  S Y S T E M  ---------------

OS: Windows 10 , 64 bit Build 19041 (10.0.19041.1889)
OS uptime: 8 days 13:39 hours

CPU:total 2 (initial active 2) (2 cores per cpu, 1 threads per core) family 6 model 92 stepping 9 microcode 0x32, cmov, cx8, fxsr, mmx, sse, sse2, sse3, ssse3, sse4.1, sse4.2, popcnt, aes, clmul, erms, 3dnowpref, tsc, tscinvbit, sha

Memory: 4k page, system-wide physical 3928M (193M free)
TotalPageFile size 12120M (AvailPageFile size 2M)
current process WorkingSet (physical memory assigned to process): 9M, peak: 9M
current process commit charge ("private bytes"): 47M, peak: 109M

vm_info: OpenJDK 64-Bit Server VM (11.0.15+10) for windows-amd64 JRE (11.0.15+10), built on Apr 21 2022 21:29:46 by "tester" with MS VC++ 15.5 (VS2017)

END.
