#
# There is insufficient memory for the Java Runtime Environment to continue.
# Native memory allocation (mmap) failed to map 57671680 bytes for Failed to commit area from 0x0000000091000000 to 0x0000000094700000 of length 57671680.
# Possible reasons:
#   The system is out of physical RAM or swap space
#   The process is running with CompressedOops enabled, and the Java Heap may be blocking the growth of the native heap
# Possible solutions:
#   Reduce memory load on the system
#   Increase physical memory or swap space
#   Check if swap backing store is full
#   Decrease Java heap size (-Xmx/-Xms)
#   Decrease number of Java threads
#   Decrease Java thread stack sizes (-Xss)
#   Set larger code cache with -XX:ReservedCodeCacheSize=
#   JVM is running with Unscaled Compressed Oops mode in which the Java heap is
#     placed in the first 4GB address space. The Java Heap base address is the
#     maximum limit for the native heap growth. Please use -XX:HeapBaseMinAddress
#     to set the Java Heap base and to place the Java Heap above 4GB virtual address.
# This output file may be truncated or incomplete.
#
#  Out of Memory Error (./src/hotspot/os/windows/os_windows.cpp:3390), pid=14256, tid=11000
#
# JRE version: OpenJDK Runtime Environment 18.9 (11.0.15+10) (build 11.0.15+10)
# Java VM: OpenJDK 64-Bit Server VM 18.9 (11.0.15+10, mixed mode, tiered, compressed oops, g1 gc, windows-amd64)
# No core dump will be written. Minidumps are not enabled by default on client versions of Windows
#

---------------  S U M M A R Y ------------

Command Line: -XX:MaxMetaspaceSize=512m --add-opens=java.base/java.util=ALL-UNNAMED --add-opens=java.base/java.lang=ALL-UNNAMED --add-opens=java.base/java.lang.invoke=ALL-UNNAMED --add-opens=java.base/java.util=ALL-UNNAMED --add-opens=java.prefs/java.util.prefs=ALL-UNNAMED --add-opens=java.prefs/java.util.prefs=ALL-UNNAMED --add-opens=java.base/java.nio.charset=ALL-UNNAMED --add-opens=java.base/java.net=ALL-UNNAMED --add-opens=java.base/java.util.concurrent.atomic=ALL-UNNAMED -Xmx2048m -Dfile.encoding=windows-1252 -Duser.country=US -Duser.language=en -Duser.variant org.gradle.launcher.daemon.bootstrap.GradleDaemon 7.5.1

Host: Intel(R) Celeron(R) CPU N3350 @ 1.10GHz, 2 cores, 3G,  Windows 10 , 64 bit Build 19041 (10.0.19041.1889)
Time: Sun Oct 30 09:54:05 2022 Bangladesh Standard Time elapsed time: 435.155047 seconds (0d 0h 7m 15s)

---------------  T H R E A D  ---------------

Current thread (0x00000275fbc52000):  VMThread "VM Thread" [stack: 0x000000e097d00000,0x000000e097e00000] [id=11000]

Stack: [0x000000e097d00000,0x000000e097e00000]
[error occurred during error reporting (printing stack bounds), id 0xc0000005, EXCEPTION_ACCESS_VIOLATION (0xc0000005) at pc=0x00000275e570113d]

Native frames: (J=compiled Java code, j=interpreted, Vv=VM code, C=native code)
V  [jvm.dll+0x64dd3a]
V  [jvm.dll+0x7906c9]
V  [jvm.dll+0x791d9c]
V  [jvm.dll+0x7923c5]
V  [jvm.dll+0x79237b]
V  [jvm.dll+0x64cdd0]
V  [jvm.dll+0x64d4e8]
C  [ntdll.dll+0xa241f]
C  [ntdll.dll+0x514a4]
C  [ntdll.dll+0xa0f4e]
C  0x00000275e570113d

VM_Operation (0x000000e09bdf72a0): G1CollectForAllocation, mode: safepoint, requested by thread 0x00000275fe3f7800


---------------  P R O C E S S  ---------------

Threads class SMR info:
_java_thread_list=0x00000275894b8e60, length=72, elements={
0x00000275dcfa4000, 0x00000275fbc64800, 0x00000275fbc60800, 0x00000275fbcb8000,
0x00000275fbcbc800, 0x00000275fbcbd800, 0x00000275fbcbf000, 0x00000275fbcc0800,
0x00000275fbcfe000, 0x00000275fbe27000, 0x00000275fd4db800, 0x00000275fdc23000,
0x00000275fdb64000, 0x00000275fdcb3000, 0x00000275fd69e000, 0x00000275fdd8d000,
0x00000275fdcdc800, 0x00000275fdcdd000, 0x00000275fdc3e000, 0x00000275fdb3c800,
0x00000275fdcf1800, 0x00000275fdcef800, 0x00000275fdcee000, 0x00000275fdcf4800,
0x00000275fdcef000, 0x00000275fdcf0800, 0x00000275fdcf2000, 0x00000275fdcf3000,
0x00000275fdcf3800, 0x00000275fe7ac800, 0x00000275fe7aa000, 0x00000275fe7ae000,
0x00000275fe7af000, 0x00000275fe7ab000, 0x00000275fe7ab800, 0x00000275fe7b4800,
0x00000275fe7b2800, 0x00000275fe7b5800, 0x00000275fe7b4000, 0x00000275fe7b7000,
0x00000275fe7b1800, 0x00000275fe7b6800, 0x00000275fe7b8000, 0x00000275fe7b3000,
0x00000275fe7b9000, 0x00000275fe3f1000, 0x00000275fe3f2000, 0x00000275fe3ec000,
0x00000275fe3ed000, 0x00000275fe3f2800, 0x00000275fe3f3800, 0x00000275fe3ed800,
0x00000275fe3f4000, 0x00000275fe3ee800, 0x00000275fe3f5000, 0x00000275fe3ef800,
0x00000275fe3f0000, 0x00000275fe3fa800, 0x00000275fe3f6000, 0x00000275fe3f7800,
0x00000275fe3f8800, 0x00000275fe3f9000, 0x0000027585b7a000, 0x0000027585b76000,
0x0000027585b7a800, 0x0000027585b7b800, 0x0000027585b78800, 0x0000027585b7c800,
0x0000027585b76800, 0x0000027585b7d000, 0x0000027585b77800, 0x0000027585b7e000
}

Java Threads: ( => current thread )
  0x00000275dcfa4000 JavaThread "main" [_thread_blocked, id=11560, stack(0x000000e097700000,0x000000e097800000)]
  0x00000275fbc64800 JavaThread "Reference Handler" daemon [_thread_blocked, id=14144, stack(0x000000e097e00000,0x000000e097f00000)]
  0x00000275fbc60800 JavaThread "Finalizer" daemon [_thread_blocked, id=4584, stack(0x000000e097f00000,0x000000e098000000)]
  0x00000275fbcb8000 JavaThread "Signal Dispatcher" daemon [_thread_blocked, id=10832, stack(0x000000e098000000,0x000000e098100000)]
  0x00000275fbcbc800 JavaThread "Attach Listener" daemon [_thread_blocked, id=8712, stack(0x000000e098100000,0x000000e098200000)]
  0x00000275fbcbd800 JavaThread "Service Thread" daemon [_thread_blocked, id=9936, stack(0x000000e098200000,0x000000e098300000)]
  0x00000275fbcbf000 JavaThread "C2 CompilerThread0" daemon [_thread_blocked, id=13260, stack(0x000000e098300000,0x000000e098400000)]
  0x00000275fbcc0800 JavaThread "C1 CompilerThread0" daemon [_thread_blocked, id=2976, stack(0x000000e098400000,0x000000e098500000)]
  0x00000275fbcfe000 JavaThread "Sweeper thread" daemon [_thread_blocked, id=8808, stack(0x000000e098500000,0x000000e098600000)]
  0x00000275fbe27000 JavaThread "Common-Cleaner" daemon [_thread_blocked, id=2356, stack(0x000000e098600000,0x000000e098700000)]
  0x00000275fd4db800 JavaThread "Daemon health stats" [_thread_blocked, id=13872, stack(0x000000e098900000,0x000000e098a00000)]
  0x00000275fdc23000 JavaThread "Incoming local TCP Connector on port 51913" [_thread_in_native, id=7056, stack(0x000000e098a00000,0x000000e098b00000)]
  0x00000275fdb64000 JavaThread "Daemon periodic checks" [_thread_blocked, id=8628, stack(0x000000e098b00000,0x000000e098c00000)]
  0x00000275fdcb3000 JavaThread "Daemon" [_thread_blocked, id=13020, stack(0x000000e098c00000,0x000000e098d00000)]
  0x00000275fd69e000 JavaThread "Handler for socket connection from /127.0.0.1:51913 to /127.0.0.1:51914" [_thread_in_native, id=5832, stack(0x000000e098d00000,0x000000e098e00000)]
  0x00000275fdd8d000 JavaThread "Cancel handler" [_thread_blocked, id=2628, stack(0x000000e098e00000,0x000000e098f00000)]
  0x00000275fdcdc800 JavaThread "Daemon worker" [_thread_blocked, id=11428, stack(0x000000e098f00000,0x000000e099000000)]
  0x00000275fdcdd000 JavaThread "Asynchronous log dispatcher for DefaultDaemonConnection: socket connection from /127.0.0.1:51913 to /127.0.0.1:51914" [_thread_blocked, id=3192, stack(0x000000e099000000,0x000000e099100000)]
  0x00000275fdc3e000 JavaThread "Stdin handler" [_thread_blocked, id=4668, stack(0x000000e099100000,0x000000e099200000)]
  0x00000275fdb3c800 JavaThread "Daemon client event forwarder" [_thread_blocked, id=3124, stack(0x000000e099200000,0x000000e099300000)]
  0x00000275fdcf1800 JavaThread "Cache worker for journal cache (C:\Users\shahariar\.gradle\caches\journal-1)" [_thread_blocked, id=1664, stack(0x000000e099300000,0x000000e099400000)]
  0x00000275fdcef800 JavaThread "File lock request listener" [_thread_in_native, id=5196, stack(0x000000e099400000,0x000000e099500000)]
  0x00000275fdcee000 JavaThread "Cache worker for file hash cache (C:\Users\shahariar\.gradle\caches\7.5.1\fileHashes)" [_thread_blocked, id=4804, stack(0x000000e099500000,0x000000e099600000)]
  0x00000275fdcf4800 JavaThread "File watcher server" daemon [_thread_blocked, id=9956, stack(0x000000e099600000,0x000000e099700000)]
  0x00000275fdcef000 JavaThread "File watcher consumer" daemon [_thread_blocked, id=6420, stack(0x000000e099700000,0x000000e099800000)]
  0x00000275fdcf0800 JavaThread "Cache worker for checksums cache (C:\Users\shahariar\Desktop\note\mynote\android\.gradle\7.5.1\checksums)" [_thread_blocked, id=11584, stack(0x000000e099800000,0x000000e099900000)]
  0x00000275fdcf2000 JavaThread "Cache worker for cache directory md-rule (C:\Users\shahariar\.gradle\caches\7.5.1\md-rule)" [_thread_blocked, id=12584, stack(0x000000e099900000,0x000000e099a00000)]
  0x00000275fdcf3000 JavaThread "Cache worker for file content cache (C:\Users\shahariar\.gradle\caches\7.5.1\fileContent)" [_thread_blocked, id=3208, stack(0x000000e099a00000,0x000000e099b00000)]
  0x00000275fdcf3800 JavaThread "Cache worker for file hash cache (C:\Users\shahariar\Desktop\note\mynote\android\.gradle\7.5.1\fileHashes)" [_thread_blocked, id=10116, stack(0x000000e099b00000,0x000000e099c00000)]
  0x00000275fe7ac800 JavaThread "Cache worker for cache directory md-supplier (C:\Users\shahariar\.gradle\caches\7.5.1\md-supplier)" [_thread_blocked, id=11912, stack(0x000000e099c00000,0x000000e099d00000)]
  0x00000275fe7aa000 JavaThread "Cache worker for execution history cache (C:\Users\shahariar\.gradle\caches\7.5.1\executionHistory)" [_thread_blocked, id=4092, stack(0x000000e099d00000,0x000000e099e00000)]
  0x00000275fe7ae000 JavaThread "jar transforms" [_thread_blocked, id=2084, stack(0x000000e099e00000,0x000000e099f00000)]
  0x00000275fe7af000 JavaThread "jar transforms Thread 2" [_thread_blocked, id=13908, stack(0x000000e099f00000,0x000000e09a000000)]
  0x00000275fe7ab000 JavaThread "Cache worker for kotlin-dsl (C:\Users\shahariar\.gradle\caches\7.5.1\kotlin-dsl)" [_thread_blocked, id=5944, stack(0x000000e09a200000,0x000000e09a300000)]
  0x00000275fe7ab800 JavaThread "Cache worker for dependencies-accessors (C:\Users\shahariar\Desktop\note\mynote\android\.gradle\7.5.1\dependencies-accessors)" [_thread_blocked, id=8492, stack(0x000000e09a300000,0x000000e09a400000)]
  0x00000275fe7b4800 JavaThread "Cache worker for Build Output Cleanup Cache (C:\Users\shahariar\Desktop\note\mynote\node_modules\react-native-gradle-plugin\.gradle\buildOutputCleanup)" [_thread_blocked, id=2080, stack(0x000000e09a400000,0x000000e09a500000)]
  0x00000275fe7b2800 JavaThread "Unconstrained build operations" [_thread_blocked, id=12256, stack(0x000000e09a500000,0x000000e09a600000)]
  0x00000275fe7b5800 JavaThread "Unconstrained build operations Thread 2" [_thread_blocked, id=5088, stack(0x000000e09a600000,0x000000e09a700000)]
  0x00000275fe7b4000 JavaThread "Unconstrained build operations Thread 3" [_thread_blocked, id=8264, stack(0x000000e09a700000,0x000000e09a800000)]
  0x00000275fe7b7000 JavaThread "Unconstrained build operations Thread 4" [_thread_blocked, id=10228, stack(0x000000e09a800000,0x000000e09a900000)]
  0x00000275fe7b1800 JavaThread "Unconstrained build operations Thread 5" [_thread_blocked, id=3320, stack(0x000000e09a900000,0x000000e09aa00000)]
  0x00000275fe7b6800 JavaThread "Unconstrained build operations Thread 6" [_thread_blocked, id=15792, stack(0x000000e09aa00000,0x000000e09ab00000)]
  0x00000275fe7b8000 JavaThread "Unconstrained build operations Thread 7" [_thread_blocked, id=732, stack(0x000000e09ab00000,0x000000e09ac00000)]
  0x00000275fe7b3000 JavaThread "Unconstrained build operations Thread 8" [_thread_blocked, id=8520, stack(0x000000e09ac00000,0x000000e09ad00000)]
  0x00000275fe7b9000 JavaThread "Unconstrained build operations Thread 9" [_thread_blocked, id=12868, stack(0x000000e09ad00000,0x000000e09ae00000)]
  0x00000275fe3f1000 JavaThread "Unconstrained build operations Thread 10" [_thread_blocked, id=11272, stack(0x000000e09ae00000,0x000000e09af00000)]
  0x00000275fe3f2000 JavaThread "Unconstrained build operations Thread 11" [_thread_blocked, id=3240, stack(0x000000e09af00000,0x000000e09b000000)]
  0x00000275fe3ec000 JavaThread "Unconstrained build operations Thread 12" [_thread_blocked, id=9860, stack(0x000000e09b000000,0x000000e09b100000)]
  0x00000275fe3ed000 JavaThread "Unconstrained build operations Thread 13" [_thread_blocked, id=6544, stack(0x000000e09b100000,0x000000e09b200000)]
  0x00000275fe3f2800 JavaThread "Unconstrained build operations Thread 14" [_thread_blocked, id=12304, stack(0x000000e09b200000,0x000000e09b300000)]
  0x00000275fe3f3800 JavaThread "Unconstrained build operations Thread 15" [_thread_blocked, id=7152, stack(0x000000e09b300000,0x000000e09b400000)]
  0x00000275fe3ed800 JavaThread "Unconstrained build operations Thread 16" [_thread_blocked, id=3232, stack(0x000000e09b400000,0x000000e09b500000)]
  0x00000275fe3f4000 JavaThread "Unconstrained build operations Thread 17" [_thread_blocked, id=10712, stack(0x000000e09b500000,0x000000e09b600000)]
  0x00000275fe3ee800 JavaThread "Unconstrained build operations Thread 18" [_thread_blocked, id=13212, stack(0x000000e09b600000,0x000000e09b700000)]
  0x00000275fe3f5000 JavaThread "Unconstrained build operations Thread 19" [_thread_blocked, id=13208, stack(0x000000e09b700000,0x000000e09b800000)]
  0x00000275fe3ef800 JavaThread "Unconstrained build operations Thread 20" [_thread_blocked, id=1204, stack(0x000000e09b800000,0x000000e09b900000)]
  0x00000275fe3f0000 JavaThread "build event listener" [_thread_blocked, id=8716, stack(0x000000e09b900000,0x000000e09ba00000)]
  0x00000275fe3fa800 JavaThread "Memory manager" [_thread_blocked, id=4708, stack(0x000000e09ba00000,0x000000e09bb00000)]
  0x00000275fe3f6000 JavaThread "Cache worker for Build Output Cleanup Cache (C:\Users\shahariar\Desktop\note\mynote\android\.gradle\buildOutputCleanup)" [_thread_blocked, id=4784, stack(0x000000e09bb00000,0x000000e09bc00000)]
  0x00000275fe3f7800 JavaThread "Execution worker" [_thread_blocked, id=12496, stack(0x000000e09bd00000,0x000000e09be00000)]
  0x00000275fe3f8800 JavaThread "Cache worker for execution history cache (C:\Users\shahariar\Desktop\note\mynote\node_modules\react-native-gradle-plugin\.gradle\7.5.1\executionHistory)" [_thread_blocked, id=3544, stack(0x000000e09be00000,0x000000e09bf00000)]
  0x00000275fe3f9000 JavaThread "build event listener" [_thread_blocked, id=15540, stack(0x000000e097500000,0x000000e097600000)]
  0x0000027585b7a000 JavaThread "pool-3-thread-1" [_thread_blocked, id=1096, stack(0x000000e097600000,0x000000e097700000)]
  0x0000027585b76000 JavaThread "build event listener" [_thread_blocked, id=13952, stack(0x000000e09bc00000,0x000000e09bd00000)]
  0x0000027585b7a800 JavaThread "included builds Thread 2" [_thread_blocked, id=8500, stack(0x000000e09bf00000,0x000000e09c000000)]
  0x0000027585b7b800 JavaThread "Cache worker for execution history cache (C:\Users\shahariar\Desktop\note\mynote\android\.gradle\7.5.1\executionHistory)" [_thread_blocked, id=464, stack(0x000000e09c000000,0x000000e09c100000)]
  0x0000027585b78800 JavaThread "WorkerExecutor Queue" [_thread_in_native, id=1544, stack(0x000000e09c100000,0x000000e09c200000)]
  0x0000027585b7c800 JavaThread "RMI Scheduler(0)" daemon [_thread_blocked, id=7948, stack(0x000000e09c200000,0x000000e09c300000)]
  0x0000027585b76800 JavaThread "RMI RenewClean-[127.0.0.1:17853,org.jetbrains.kotlin.daemon.common.LoopbackNetworkInterface$ClientLoopbackSocketFactory@1fd9be37]" daemon [_thread_blocked, id=9468, stack(0x000000e09c300000,0x000000e09c400000)]
  0x0000027585b7d000 JavaThread "RMI GC Daemon" daemon [_thread_blocked, id=5344, stack(0x000000e09c400000,0x000000e09c500000)]
  0x0000027585b77800 JavaThread "RMI TCP Accept-0" daemon [_thread_in_native, id=9796, stack(0x000000e09c500000,0x000000e09c600000)]
  0x0000027585b7e000 JavaThread "RMI Reaper" [_thread_blocked, id=14244, stack(0x000000e09c600000,0x000000e09c700000)]

Other Threads:
=>0x00000275fbc52000 VMThread "VM Thread" [stack: 0x000000e097d00000,0x000000e097e00000] [id=11000]
  0x00000275fbe30000 WatcherThread [stack: 0x000000e098700000,0x000000e098800000] [id=5548]
  0x00000275dcfbc000 GCTaskThread "GC Thread#0" [stack: 0x000000e097800000,0x000000e097900000] [id=6688]
  0x00000275fc0a9800 GCTaskThread "GC Thread#1" [stack: 0x000000e098800000,0x000000e098900000] [id=12844]
  0x00000275dcfef800 ConcurrentGCThread "G1 Main Marker" [stack: 0x000000e097900000,0x000000e097a00000] [id=15476]
  0x00000275dcff1000 ConcurrentGCThread "G1 Conc#0" [stack: 0x000000e097a00000,0x000000e097b00000] [id=3936]
  0x00000275dd040000 ConcurrentGCThread "G1 Refine#0" [stack: 0x000000e097b00000,0x000000e097c00000] [id=8780]
  0x00000275dd041000 ConcurrentGCThread "G1 Young RemSet Sampling" [stack: 0x000000e097c00000,0x000000e097d00000] [id=8456]

Threads with active compile tasks:

VM state:at safepoint (normal execution)

VM Mutex/Monitor currently owned by a thread:  ([mutex/lock_event])
[0x00000275dcf9f9f0] Threads_lock - owner thread: 0x00000275fbc52000
[0x00000275dcfa0140] Heap_lock - owner thread: 0x00000275fe3f7800

Heap address: 0x0000000080000000, size: 2048 MB, Compressed Oops mode: 32-bit
Narrow klass base: 0x0000000000000000, Narrow klass shift: 3
Compressed class space size: 528482304 Address: 0x0000000100000000

Heap:
 garbage-first heap   total 334848K, used 242435K [0x0000000080000000, 0x0000000100000000)
  region size 1024K, 2 young (2048K), 2 survivors (2048K)
 Metaspace       used 133511K, capacity 138667K, committed 138888K, reserved 636928K
  class space    used 17001K, capacity 18973K, committed 19072K, reserved 516096K
Heap Regions: E=young(eden), S=young(survivor), O=old, HS=humongous(starts), HC=humongous(continues), CS=collection set, F=free, A=archive, TAMS=top-at-mark-start (previous, next)
|   0|0x0000000080000000, 0x0000000080100000, 0x0000000080100000|100%| O|  |TAMS 0x0000000080100000, 0x0000000080000000| Untracked 
|   1|0x0000000080100000, 0x0000000080200000, 0x0000000080200000|100%| O|  |TAMS 0x0000000080200000, 0x0000000080100000| Untracked 
|   2|0x0000000080200000, 0x0000000080300000, 0x0000000080300000|100%| O|  |TAMS 0x0000000080300000, 0x0000000080200000| Untracked 
|   3|0x0000000080300000, 0x0000000080400000, 0x0000000080400000|100%| O|  |TAMS 0x0000000080400000, 0x0000000080300000| Untracked 
|   4|0x0000000080400000, 0x0000000080500000, 0x0000000080500000|100%|HS|  |TAMS 0x0000000080500000, 0x0000000080400000| Complete 
|   5|0x0000000080500000, 0x0000000080600000, 0x0000000080600000|100%|HC|  |TAMS 0x0000000080600000, 0x0000000080500000| Complete 
|   6|0x0000000080600000, 0x0000000080700000, 0x0000000080700000|100%|HC|  |TAMS 0x0000000080700000, 0x0000000080600000| Complete 
|   7|0x0000000080700000, 0x0000000080800000, 0x0000000080800000|100%| O|  |TAMS 0x0000000080800000, 0x0000000080700000| Untracked 
|   8|0x0000000080800000, 0x0000000080900000, 0x0000000080900000|100%| O|  |TAMS 0x0000000080900000, 0x0000000080800000| Untracked 
|   9|0x0000000080900000, 0x0000000080a00000, 0x0000000080a00000|100%| O|  |TAMS 0x0000000080a00000, 0x0000000080900000| Untracked 
|  10|0x0000000080a00000, 0x0000000080b00000, 0x0000000080b00000|100%| O|  |TAMS 0x0000000080b00000, 0x0000000080a00000| Untracked 
|  11|0x0000000080b00000, 0x0000000080c00000, 0x0000000080c00000|100%| O|  |TAMS 0x0000000080c00000, 0x0000000080b00000| Untracked 
|  12|0x0000000080c00000, 0x0000000080d00000, 0x0000000080d00000|100%| O|  |TAMS 0x0000000080d00000, 0x0000000080c00000| Untracked 
|  13|0x0000000080d00000, 0x0000000080e00000, 0x0000000080e00000|100%| O|  |TAMS 0x0000000080e00000, 0x0000000080d00000| Untracked 
|  14|0x0000000080e00000, 0x0000000080f00000, 0x0000000080f00000|100%| O|  |TAMS 0x0000000080f00000, 0x0000000080e00000| Untracked 
|  15|0x0000000080f00000, 0x0000000081000000, 0x0000000081000000|100%| O|  |TAMS 0x0000000081000000, 0x0000000080f00000| Untracked 
|  16|0x0000000081000000, 0x0000000081100000, 0x0000000081100000|100%| O|  |TAMS 0x0000000081100000, 0x0000000081000000| Untracked 
|  17|0x0000000081100000, 0x0000000081200000, 0x0000000081200000|100%| O|  |TAMS 0x0000000081200000, 0x0000000081100000| Untracked 
|  18|0x0000000081200000, 0x0000000081300000, 0x0000000081300000|100%| O|  |TAMS 0x0000000081300000, 0x0000000081200000| Untracked 
|  19|0x0000000081300000, 0x0000000081400000, 0x0000000081400000|100%| O|  |TAMS 0x0000000081400000, 0x0000000081300000| Untracked 
|  20|0x0000000081400000, 0x0000000081500000, 0x0000000081500000|100%| O|  |TAMS 0x0000000081500000, 0x0000000081400000| Untracked 
|  21|0x0000000081500000, 0x0000000081600000, 0x0000000081600000|100%| O|  |TAMS 0x0000000081600000, 0x0000000081500000| Untracked 
|  22|0x0000000081600000, 0x0000000081700000, 0x0000000081700000|100%| O|  |TAMS 0x0000000081700000, 0x0000000081600000| Untracked 
|  23|0x0000000081700000, 0x0000000081800000, 0x0000000081800000|100%| O|  |TAMS 0x0000000081800000, 0x0000000081700000| Untracked 
|  24|0x0000000081800000, 0x0000000081900000, 0x0000000081900000|100%| O|  |TAMS 0x0000000081900000, 0x0000000081800000| Untracked 
|  25|0x0000000081900000, 0x0000000081a00000, 0x0000000081a00000|100%| O|  |TAMS 0x0000000081a00000, 0x0000000081900000| Untracked 
|  26|0x0000000081a00000, 0x0000000081b00000, 0x0000000081b00000|100%| O|  |TAMS 0x0000000081b00000, 0x0000000081a00000| Untracked 
|  27|0x0000000081b00000, 0x0000000081c00000, 0x0000000081c00000|100%| O|  |TAMS 0x0000000081c00000, 0x0000000081b00000| Untracked 
|  28|0x0000000081c00000, 0x0000000081d00000, 0x0000000081d00000|100%| O|  |TAMS 0x0000000081d00000, 0x0000000081c00000| Untracked 
|  29|0x0000000081d00000, 0x0000000081e00000, 0x0000000081e00000|100%| O|  |TAMS 0x0000000081e00000, 0x0000000081d00000| Untracked 
|  30|0x0000000081e00000, 0x0000000081f00000, 0x0000000081f00000|100%| O|  |TAMS 0x0000000081f00000, 0x0000000081e00000| Untracked 
|  31|0x0000000081f00000, 0x0000000082000000, 0x0000000082000000|100%|HS|  |TAMS 0x0000000082000000, 0x0000000081f00000| Complete 
|  32|0x0000000082000000, 0x0000000082100000, 0x0000000082100000|100%|HS|  |TAMS 0x0000000082100000, 0x0000000082000000| Complete 
|  33|0x0000000082100000, 0x0000000082200000, 0x0000000082200000|100%|HC|  |TAMS 0x0000000082200000, 0x0000000082100000| Complete 
|  34|0x0000000082200000, 0x0000000082300000, 0x0000000082300000|100%|HC|  |TAMS 0x0000000082300000, 0x0000000082200000| Complete 
|  35|0x0000000082300000, 0x0000000082400000, 0x0000000082400000|100%| O|  |TAMS 0x0000000082400000, 0x0000000082300000| Untracked 
|  36|0x0000000082400000, 0x0000000082500000, 0x0000000082500000|100%| O|  |TAMS 0x0000000082500000, 0x0000000082400000| Untracked 
|  37|0x0000000082500000, 0x0000000082600000, 0x0000000082600000|100%| O|  |TAMS 0x0000000082600000, 0x0000000082500000| Untracked 
|  38|0x0000000082600000, 0x0000000082700000, 0x0000000082700000|100%| O|  |TAMS 0x0000000082700000, 0x0000000082600000| Untracked 
|  39|0x0000000082700000, 0x0000000082800000, 0x0000000082800000|100%| O|  |TAMS 0x0000000082800000, 0x0000000082700000| Untracked 
|  40|0x0000000082800000, 0x0000000082900000, 0x0000000082900000|100%| O|  |TAMS 0x0000000082900000, 0x0000000082800000| Untracked 
|  41|0x0000000082900000, 0x0000000082a00000, 0x0000000082a00000|100%| O|  |TAMS 0x0000000082a00000, 0x0000000082900000| Untracked 
|  42|0x0000000082a00000, 0x0000000082b00000, 0x0000000082b00000|100%| O|  |TAMS 0x0000000082b00000, 0x0000000082a00000| Untracked 
|  43|0x0000000082b00000, 0x0000000082c00000, 0x0000000082c00000|100%| O|  |TAMS 0x0000000082c00000, 0x0000000082b00000| Untracked 
|  44|0x0000000082c00000, 0x0000000082d00000, 0x0000000082d00000|100%| O|  |TAMS 0x0000000082d00000, 0x0000000082c00000| Untracked 
|  45|0x0000000082d00000, 0x0000000082e00000, 0x0000000082e00000|100%| O|  |TAMS 0x0000000082e00000, 0x0000000082d00000| Untracked 
|  46|0x0000000082e00000, 0x0000000082f00000, 0x0000000082f00000|100%| O|  |TAMS 0x0000000082f00000, 0x0000000082e00000| Untracked 
|  47|0x0000000082f00000, 0x0000000083000000, 0x0000000083000000|100%| O|  |TAMS 0x0000000083000000, 0x0000000082f00000| Untracked 
|  48|0x0000000083000000, 0x0000000083100000, 0x0000000083100000|100%| O|  |TAMS 0x0000000083100000, 0x0000000083000000| Untracked 
|  49|0x0000000083100000, 0x0000000083200000, 0x0000000083200000|100%| O|  |TAMS 0x0000000083200000, 0x0000000083100000| Untracked 
|  50|0x0000000083200000, 0x0000000083300000, 0x0000000083300000|100%|HS|  |TAMS 0x0000000083300000, 0x0000000083200000| Complete 
|  51|0x0000000083300000, 0x0000000083400000, 0x0000000083400000|100%|HS|  |TAMS 0x0000000083400000, 0x0000000083300000| Complete 
|  52|0x0000000083400000, 0x0000000083500000, 0x0000000083500000|100%| O|  |TAMS 0x0000000083500000, 0x0000000083400000| Untracked 
|  53|0x0000000083500000, 0x0000000083600000, 0x0000000083600000|100%| O|  |TAMS 0x0000000083600000, 0x0000000083500000| Untracked 
|  54|0x0000000083600000, 0x0000000083700000, 0x0000000083700000|100%| O|  |TAMS 0x0000000083700000, 0x0000000083600000| Untracked 
|  55|0x0000000083700000, 0x0000000083800000, 0x0000000083800000|100%|HS|  |TAMS 0x0000000083800000, 0x0000000083700000| Complete 
|  56|0x0000000083800000, 0x0000000083900000, 0x0000000083900000|100%|HC|  |TAMS 0x0000000083900000, 0x0000000083800000| Complete 
|  57|0x0000000083900000, 0x0000000083a00000, 0x0000000083a00000|100%| O|  |TAMS 0x0000000083a00000, 0x0000000083900000| Untracked 
|  58|0x0000000083a00000, 0x0000000083b00000, 0x0000000083b00000|100%| O|  |TAMS 0x0000000083b00000, 0x0000000083a00000| Untracked 
|  59|0x0000000083b00000, 0x0000000083c00000, 0x0000000083c00000|100%| O|  |TAMS 0x0000000083c00000, 0x0000000083b00000| Untracked 
|  60|0x0000000083c00000, 0x0000000083d00000, 0x0000000083d00000|100%| O|  |TAMS 0x0000000083d00000, 0x0000000083c00000| Untracked 
|  61|0x0000000083d00000, 0x0000000083e00000, 0x0000000083e00000|100%| O|  |TAMS 0x0000000083e00000, 0x0000000083d00000| Untracked 
|  62|0x0000000083e00000, 0x0000000083f00000, 0x0000000083f00000|100%| O|  |TAMS 0x0000000083f00000, 0x0000000083e00000| Untracked 
|  63|0x0000000083f00000, 0x0000000084000000, 0x0000000084000000|100%| O|  |TAMS 0x0000000084000000, 0x0000000083f00000| Untracked 
|  64|0x0000000084000000, 0x0000000084100000, 0x0000000084100000|100%| O|  |TAMS 0x0000000084100000, 0x0000000084000000| Untracked 
|  65|0x0000000084100000, 0x0000000084200000, 0x0000000084200000|100%| O|  |TAMS 0x0000000084200000, 0x0000000084100000| Untracked 
|  66|0x0000000084200000, 0x0000000084300000, 0x0000000084300000|100%| O|  |TAMS 0x0000000084300000, 0x0000000084200000| Untracked 
|  67|0x0000000084300000, 0x0000000084400000, 0x0000000084400000|100%| O|  |TAMS 0x0000000084400000, 0x0000000084300000| Untracked 
|  68|0x0000000084400000, 0x0000000084500000, 0x0000000084500000|100%| O|  |TAMS 0x0000000084500000, 0x0000000084400000| Untracked 
|  69|0x0000000084500000, 0x0000000084600000, 0x0000000084600000|100%| O|  |TAMS 0x0000000084600000, 0x0000000084500000| Untracked 
|  70|0x0000000084600000, 0x0000000084700000, 0x0000000084700000|100%| O|  |TAMS 0x0000000084700000, 0x0000000084600000| Untracked 
|  71|0x0000000084700000, 0x0000000084800000, 0x0000000084800000|100%| O|  |TAMS 0x0000000084800000, 0x0000000084700000| Untracked 
|  72|0x0000000084800000, 0x0000000084900000, 0x0000000084900000|100%| O|  |TAMS 0x0000000084900000, 0x0000000084800000| Untracked 
|  73|0x0000000084900000, 0x0000000084a00000, 0x0000000084a00000|100%| O|  |TAMS 0x0000000084a00000, 0x0000000084900000| Untracked 
|  74|0x0000000084a00000, 0x0000000084b00000, 0x0000000084b00000|100%| O|  |TAMS 0x0000000084b00000, 0x0000000084a00000| Untracked 
|  75|0x0000000084b00000, 0x0000000084c00000, 0x0000000084c00000|100%| O|  |TAMS 0x0000000084c00000, 0x0000000084b00000| Untracked 
|  76|0x0000000084c00000, 0x0000000084d00000, 0x0000000084d00000|100%| O|  |TAMS 0x0000000084d00000, 0x0000000084c00000| Untracked 
|  77|0x0000000084d00000, 0x0000000084e00000, 0x0000000084e00000|100%| O|  |TAMS 0x0000000084e00000, 0x0000000084d00000| Untracked 
|  78|0x0000000084e00000, 0x0000000084f00000, 0x0000000084f00000|100%| O|  |TAMS 0x0000000084f00000, 0x0000000084e00000| Untracked 
|  79|0x0000000084f00000, 0x0000000085000000, 0x0000000085000000|100%| O|  |TAMS 0x0000000085000000, 0x0000000084f00000| Untracked 
|  80|0x0000000085000000, 0x0000000085100000, 0x0000000085100000|100%| O|  |TAMS 0x0000000085100000, 0x0000000085000000| Untracked 
|  81|0x0000000085100000, 0x0000000085200000, 0x0000000085200000|100%| O|  |TAMS 0x0000000085200000, 0x0000000085100000| Untracked 
|  82|0x0000000085200000, 0x0000000085300000, 0x0000000085300000|100%| O|  |TAMS 0x0000000085300000, 0x0000000085200000| Untracked 
|  83|0x0000000085300000, 0x0000000085400000, 0x0000000085400000|100%| O|  |TAMS 0x0000000085400000, 0x0000000085300000| Untracked 
|  84|0x0000000085400000, 0x0000000085500000, 0x0000000085500000|100%| O|  |TAMS 0x0000000085500000, 0x0000000085400000| Untracked 
|  85|0x0000000085500000, 0x0000000085600000, 0x0000000085600000|100%| O|  |TAMS 0x0000000085600000, 0x0000000085500000| Untracked 
|  86|0x0000000085600000, 0x0000000085700000, 0x0000000085700000|100%| O|  |TAMS 0x0000000085700000, 0x0000000085600000| Untracked 
|  87|0x0000000085700000, 0x0000000085800000, 0x0000000085800000|100%| O|  |TAMS 0x0000000085800000, 0x0000000085700000| Untracked 
|  88|0x0000000085800000, 0x0000000085900000, 0x0000000085900000|100%| O|  |TAMS 0x0000000085900000, 0x0000000085800000| Untracked 
|  89|0x0000000085900000, 0x0000000085a00000, 0x0000000085a00000|100%| O|  |TAMS 0x0000000085a00000, 0x0000000085900000| Untracked 
|  90|0x0000000085a00000, 0x0000000085b00000, 0x0000000085b00000|100%| O|  |TAMS 0x0000000085b00000, 0x0000000085a00000| Untracked 
|  91|0x0000000085b00000, 0x0000000085c00000, 0x0000000085c00000|100%| O|  |TAMS 0x0000000085c00000, 0x0000000085b00000| Untracked 
|  92|0x0000000085c00000, 0x0000000085d00000, 0x0000000085d00000|100%| O|  |TAMS 0x0000000085d00000, 0x0000000085c00000| Untracked 
|  93|0x0000000085d00000, 0x0000000085e00000, 0x0000000085e00000|100%| O|  |TAMS 0x0000000085e00000, 0x0000000085d00000| Untracked 
|  94|0x0000000085e00000, 0x0000000085f00000, 0x0000000085f00000|100%|HS|  |TAMS 0x0000000085f00000, 0x0000000085e00000| Complete 
|  95|0x0000000085f00000, 0x0000000086000000, 0x0000000086000000|100%| O|  |TAMS 0x0000000086000000, 0x0000000085f00000| Untracked 
|  96|0x0000000086000000, 0x0000000086100000, 0x0000000086100000|100%| O|  |TAMS 0x0000000086100000, 0x0000000086000000| Untracked 
|  97|0x0000000086100000, 0x0000000086200000, 0x0000000086200000|100%| O|  |TAMS 0x0000000086200000, 0x0000000086100000| Untracked 
|  98|0x0000000086200000, 0x0000000086300000, 0x0000000086300000|100%|HS|  |TAMS 0x0000000086300000, 0x0000000086200000| Complete 
|  99|0x0000000086300000, 0x0000000086400000, 0x0000000086400000|100%| O|  |TAMS 0x0000000086400000, 0x0000000086300000| Untracked 
| 100|0x0000000086400000, 0x0000000086500000, 0x0000000086500000|100%| O|  |TAMS 0x0000000086500000, 0x0000000086400000| Untracked 
| 101|0x0000000086500000, 0x0000000086600000, 0x0000000086600000|100%|HS|  |TAMS 0x0000000086600000, 0x0000000086500000| Complete 
| 102|0x0000000086600000, 0x0000000086700000, 0x0000000086700000|100%|HC|  |TAMS 0x0000000086700000, 0x0000000086600000| Complete 
| 103|0x0000000086700000, 0x0000000086800000, 0x0000000086800000|100%|HC|  |TAMS 0x0000000086800000, 0x0000000086700000| Complete 
| 104|0x0000000086800000, 0x0000000086900000, 0x0000000086900000|100%| O|  |TAMS 0x0000000086900000, 0x0000000086800000| Untracked 
| 105|0x0000000086900000, 0x0000000086a00000, 0x0000000086a00000|100%| O|  |TAMS 0x0000000086a00000, 0x0000000086900000| Untracked 
| 106|0x0000000086a00000, 0x0000000086b00000, 0x0000000086b00000|100%| O|  |TAMS 0x0000000086b00000, 0x0000000086a00000| Untracked 
| 107|0x0000000086b00000, 0x0000000086c00000, 0x0000000086c00000|100%| O|  |TAMS 0x0000000086c00000, 0x0000000086b00000| Untracked 
| 108|0x0000000086c00000, 0x0000000086d00000, 0x0000000086d00000|100%| O|  |TAMS 0x0000000086d00000, 0x0000000086c00000| Untracked 
| 109|0x0000000086d00000, 0x0000000086e00000, 0x0000000086e00000|100%| O|  |TAMS 0x0000000086e00000, 0x0000000086d00000| Untracked 
| 110|0x0000000086e00000, 0x0000000086f00000, 0x0000000086f00000|100%| O|  |TAMS 0x0000000086f00000, 0x0000000086e00000| Untracked 
| 111|0x0000000086f00000, 0x0000000087000000, 0x0000000087000000|100%| O|  |TAMS 0x0000000087000000, 0x0000000086f00000| Untracked 
| 112|0x0000000087000000, 0x0000000087100000, 0x0000000087100000|100%| O|  |TAMS 0x0000000087100000, 0x0000000087000000| Untracked 
| 113|0x0000000087100000, 0x0000000087200000, 0x0000000087200000|100%| O|  |TAMS 0x0000000087200000, 0x0000000087100000| Untracked 
| 114|0x0000000087200000, 0x0000000087300000, 0x0000000087300000|100%| O|  |TAMS 0x0000000087300000, 0x0000000087200000| Untracked 
| 115|0x0000000087300000, 0x0000000087400000, 0x0000000087400000|100%| O|  |TAMS 0x0000000087400000, 0x0000000087300000| Untracked 
| 116|0x0000000087400000, 0x0000000087500000, 0x0000000087500000|100%| O|  |TAMS 0x0000000087500000, 0x0000000087400000| Untracked 
| 117|0x0000000087500000, 0x0000000087600000, 0x0000000087600000|100%| O|  |TAMS 0x0000000087600000, 0x0000000087500000| Untracked 
| 118|0x0000000087600000, 0x0000000087700000, 0x0000000087700000|100%| O|  |TAMS 0x0000000087700000, 0x0000000087600000| Untracked 
| 119|0x0000000087700000, 0x0000000087800000, 0x0000000087800000|100%| O|  |TAMS 0x0000000087800000, 0x0000000087700000| Untracked 
| 120|0x0000000087800000, 0x0000000087900000, 0x0000000087900000|100%| O|  |TAMS 0x0000000087900000, 0x0000000087800000| Untracked 
| 121|0x0000000087900000, 0x0000000087a00000, 0x0000000087a00000|100%| O|  |TAMS 0x0000000087a00000, 0x0000000087900000| Untracked 
| 122|0x0000000087a00000, 0x0000000087b00000, 0x0000000087b00000|100%| O|  |TAMS 0x0000000087b00000, 0x0000000087a00000| Untracked 
| 123|0x0000000087b00000, 0x0000000087c00000, 0x0000000087c00000|100%| O|  |TAMS 0x0000000087c00000, 0x0000000087b00000| Untracked 
| 124|0x0000000087c00000, 0x0000000087d00000, 0x0000000087d00000|100%| O|  |TAMS 0x0000000087d00000, 0x0000000087c00000| Untracked 
| 125|0x0000000087d00000, 0x0000000087e00000, 0x0000000087e00000|100%| O|  |TAMS 0x0000000087e00000, 0x0000000087d00000| Untracked 
| 126|0x0000000087e00000, 0x0000000087f00000, 0x0000000087f00000|100%| O|  |TAMS 0x0000000087f00000, 0x0000000087e00000| Untracked 
| 127|0x0000000087f00000, 0x0000000088000000, 0x0000000088000000|100%| O|  |TAMS 0x0000000088000000, 0x0000000087f00000| Untracked 
| 128|0x0000000088000000, 0x0000000088100000, 0x0000000088100000|100%| O|  |TAMS 0x0000000088100000, 0x0000000088000000| Untracked 
| 129|0x0000000088100000, 0x0000000088200000, 0x0000000088200000|100%| O|  |TAMS 0x0000000088100000, 0x0000000088100000| Untracked 
| 130|0x0000000088200000, 0x0000000088300000, 0x0000000088300000|100%| O|  |TAMS 0x0000000088300000, 0x0000000088200000| Untracked 
| 131|0x0000000088300000, 0x0000000088400000, 0x0000000088400000|100%| O|  |TAMS 0x0000000088400000, 0x0000000088300000| Untracked 
| 132|0x0000000088400000, 0x0000000088500000, 0x0000000088500000|100%| O|  |TAMS 0x0000000088500000, 0x0000000088400000| Untracked 
| 133|0x0000000088500000, 0x0000000088600000, 0x0000000088600000|100%| O|  |TAMS 0x0000000088600000, 0x0000000088500000| Untracked 
| 134|0x0000000088600000, 0x0000000088700000, 0x0000000088700000|100%| O|  |TAMS 0x0000000088700000, 0x0000000088600000| Untracked 
| 135|0x0000000088700000, 0x0000000088800000, 0x0000000088800000|100%| O|  |TAMS 0x0000000088800000, 0x0000000088700000| Untracked 
| 136|0x0000000088800000, 0x0000000088900000, 0x0000000088900000|100%| O|  |TAMS 0x0000000088900000, 0x0000000088800000| Untracked 
| 137|0x0000000088900000, 0x0000000088a00000, 0x0000000088a00000|100%| O|  |TAMS 0x0000000088a00000, 0x0000000088900000| Untracked 
| 138|0x0000000088a00000, 0x0000000088b00000, 0x0000000088b00000|100%| O|  |TAMS 0x0000000088b00000, 0x0000000088a00000| Untracked 
| 139|0x0000000088b00000, 0x0000000088c00000, 0x0000000088c00000|100%| O|  |TAMS 0x0000000088c00000, 0x0000000088b00000| Untracked 
| 140|0x0000000088c00000, 0x0000000088d00000, 0x0000000088d00000|100%| O|  |TAMS 0x0000000088d00000, 0x0000000088c00000| Untracked 
| 141|0x0000000088d00000, 0x0000000088e00000, 0x0000000088e00000|100%| O|  |TAMS 0x0000000088e00000, 0x0000000088d00000| Untracked 
| 142|0x0000000088e00000, 0x0000000088f00000, 0x0000000088f00000|100%| O|  |TAMS 0x0000000088f00000, 0x0000000088e00000| Untracked 
| 143|0x0000000088f00000, 0x0000000089000000, 0x0000000089000000|100%| O|  |TAMS 0x0000000089000000, 0x0000000088f00000| Untracked 
| 144|0x0000000089000000, 0x0000000089100000, 0x0000000089100000|100%| O|  |TAMS 0x0000000089100000, 0x0000000089000000| Untracked 
| 145|0x0000000089100000, 0x0000000089200000, 0x0000000089200000|100%| O|  |TAMS 0x0000000089200000, 0x0000000089100000| Untracked 
| 146|0x0000000089200000, 0x0000000089300000, 0x0000000089300000|100%| O|  |TAMS 0x0000000089300000, 0x0000000089200000| Untracked 
| 147|0x0000000089300000, 0x0000000089400000, 0x0000000089400000|100%| O|  |TAMS 0x0000000089400000, 0x0000000089300000| Untracked 
| 148|0x0000000089400000, 0x0000000089500000, 0x0000000089500000|100%| O|  |TAMS 0x0000000089500000, 0x0000000089400000| Untracked 
| 149|0x0000000089500000, 0x0000000089600000, 0x0000000089600000|100%| O|  |TAMS 0x0000000089600000, 0x0000000089500000| Untracked 
| 150|0x0000000089600000, 0x0000000089700000, 0x0000000089700000|100%| O|  |TAMS 0x0000000089700000, 0x0000000089600000| Untracked 
| 151|0x0000000089700000, 0x0000000089800000, 0x0000000089800000|100%| O|  |TAMS 0x0000000089800000, 0x0000000089700000| Untracked 
| 152|0x0000000089800000, 0x0000000089900000, 0x0000000089900000|100%| O|  |TAMS 0x0000000089900000, 0x0000000089800000| Untracked 
| 153|0x0000000089900000, 0x0000000089a00000, 0x0000000089a00000|100%| O|  |TAMS 0x0000000089a00000, 0x0000000089900000| Untracked 
| 154|0x0000000089a00000, 0x0000000089b00000, 0x0000000089b00000|100%| O|  |TAMS 0x0000000089b00000, 0x0000000089a00000| Untracked 
| 155|0x0000000089b00000, 0x0000000089c00000, 0x0000000089c00000|100%| O|  |TAMS 0x0000000089c00000, 0x0000000089b00000| Untracked 
| 156|0x0000000089c00000, 0x0000000089d00000, 0x0000000089d00000|100%| O|  |TAMS 0x0000000089d00000, 0x0000000089c00000| Untracked 
| 157|0x0000000089d00000, 0x0000000089e00000, 0x0000000089e00000|100%| O|  |TAMS 0x0000000089e00000, 0x0000000089d00000| Untracked 
| 158|0x0000000089e00000, 0x0000000089f00000, 0x0000000089f00000|100%| O|  |TAMS 0x0000000089f00000, 0x0000000089e00000| Untracked 
| 159|0x0000000089f00000, 0x000000008a000000, 0x000000008a000000|100%| O|  |TAMS 0x000000008a000000, 0x0000000089f00000| Untracked 
| 160|0x000000008a000000, 0x000000008a100000, 0x000000008a100000|100%| O|  |TAMS 0x000000008a100000, 0x000000008a000000| Untracked 
| 161|0x000000008a100000, 0x000000008a200000, 0x000000008a200000|100%| O|  |TAMS 0x000000008a100000, 0x000000008a100000| Untracked 
| 162|0x000000008a200000, 0x000000008a300000, 0x000000008a300000|100%| O|  |TAMS 0x000000008a200000, 0x000000008a200000| Untracked 
| 163|0x000000008a300000, 0x000000008a400000, 0x000000008a400000|100%| O|  |TAMS 0x000000008a300000, 0x000000008a300000| Untracked 
| 164|0x000000008a400000, 0x000000008a500000, 0x000000008a500000|100%| O|  |TAMS 0x000000008a400000, 0x000000008a400000| Untracked 
| 165|0x000000008a500000, 0x000000008a600000, 0x000000008a600000|100%| O|  |TAMS 0x000000008a600000, 0x000000008a500000| Untracked 
| 166|0x000000008a600000, 0x000000008a700000, 0x000000008a700000|100%| O|  |TAMS 0x000000008a700000, 0x000000008a600000| Untracked 
| 167|0x000000008a700000, 0x000000008a800000, 0x000000008a800000|100%| O|  |TAMS 0x000000008a800000, 0x000000008a700000| Untracked 
| 168|0x000000008a800000, 0x000000008a900000, 0x000000008a900000|100%| O|  |TAMS 0x000000008a800000, 0x000000008a800000| Untracked 
| 169|0x000000008a900000, 0x000000008aa00000, 0x000000008aa00000|100%| O|  |TAMS 0x000000008aa00000, 0x000000008a900000| Untracked 
| 170|0x000000008aa00000, 0x000000008ab00000, 0x000000008ab00000|100%| O|  |TAMS 0x000000008aa00000, 0x000000008aa00000| Untracked 
| 171|0x000000008ab00000, 0x000000008ac00000, 0x000000008ac00000|100%| O|  |TAMS 0x000000008ac00000, 0x000000008ab00000| Untracked 
| 172|0x000000008ac00000, 0x000000008ad00000, 0x000000008ad00000|100%| O|  |TAMS 0x000000008ac00000, 0x000000008ac00000| Untracked 
| 173|0x000000008ad00000, 0x000000008ae00000, 0x000000008ae00000|100%| O|  |TAMS 0x000000008ad00000, 0x000000008ad00000| Untracked 
| 174|0x000000008ae00000, 0x000000008af00000, 0x000000008af00000|100%| O|  |TAMS 0x000000008af00000, 0x000000008ae00000| Untracked 
| 175|0x000000008af00000, 0x000000008b000000, 0x000000008b000000|100%| O|  |TAMS 0x000000008af00000, 0x000000008af00000| Untracked 
| 176|0x000000008b000000, 0x000000008b100000, 0x000000008b100000|100%| O|  |TAMS 0x000000008b000000, 0x000000008b000000| Untracked 
| 177|0x000000008b100000, 0x000000008b200000, 0x000000008b200000|100%| O|  |TAMS 0x000000008b200000, 0x000000008b100000| Untracked 
| 178|0x000000008b200000, 0x000000008b300000, 0x000000008b300000|100%| O|  |TAMS 0x000000008b300000, 0x000000008b200000| Untracked 
| 179|0x000000008b300000, 0x000000008b400000, 0x000000008b400000|100%| O|  |TAMS 0x000000008b400000, 0x000000008b300000| Untracked 
| 180|0x000000008b400000, 0x000000008b500000, 0x000000008b500000|100%| O|  |TAMS 0x000000008b500000, 0x000000008b400000| Untracked 
| 181|0x000000008b500000, 0x000000008b600000, 0x000000008b600000|100%| O|  |TAMS 0x000000008b600000, 0x000000008b500000| Untracked 
| 182|0x000000008b600000, 0x000000008b700000, 0x000000008b700000|100%| O|  |TAMS 0x000000008b700000, 0x000000008b600000| Untracked 
| 183|0x000000008b700000, 0x000000008b800000, 0x000000008b800000|100%| O|  |TAMS 0x000000008b800000, 0x000000008b700000| Untracked 
| 184|0x000000008b800000, 0x000000008b900000, 0x000000008b900000|100%| O|  |TAMS 0x000000008b900000, 0x000000008b800000| Untracked 
| 185|0x000000008b900000, 0x000000008ba00000, 0x000000008ba00000|100%| O|  |TAMS 0x000000008ba00000, 0x000000008b900000| Untracked 
| 186|0x000000008ba00000, 0x000000008bb00000, 0x000000008bb00000|100%| O|  |TAMS 0x000000008ba80000, 0x000000008ba00000| Untracked 
| 187|0x000000008bb00000, 0x000000008bc00000, 0x000000008bc00000|100%|HS|  |TAMS 0x000000008bb00000, 0x000000008bb00000| Complete 
| 188|0x000000008bc00000, 0x000000008bd00000, 0x000000008bd00000|100%|HC|  |TAMS 0x000000008bc00000, 0x000000008bc00000| Complete 
| 189|0x000000008bd00000, 0x000000008be00000, 0x000000008be00000|100%| O|  |TAMS 0x000000008bd00000, 0x000000008bd00000| Untracked 
| 190|0x000000008be00000, 0x000000008bf00000, 0x000000008bf00000|100%| O|  |TAMS 0x000000008be00000, 0x000000008be00000| Untracked 
| 191|0x000000008bf00000, 0x000000008c000000, 0x000000008c000000|100%| O|  |TAMS 0x000000008bf00000, 0x000000008bf00000| Untracked 
| 192|0x000000008c000000, 0x000000008c100000, 0x000000008c100000|100%| O|  |TAMS 0x000000008c000000, 0x000000008c000000| Untracked 
| 193|0x000000008c100000, 0x000000008c200000, 0x000000008c200000|100%| O|  |TAMS 0x000000008c100000, 0x000000008c100000| Untracked 
| 194|0x000000008c200000, 0x000000008c300000, 0x000000008c300000|100%| O|  |TAMS 0x000000008c200000, 0x000000008c200000| Untracked 
| 195|0x000000008c300000, 0x000000008c400000, 0x000000008c400000|100%| O|  |TAMS 0x000000008c300000, 0x000000008c300000| Untracked 
| 196|0x000000008c400000, 0x000000008c500000, 0x000000008c500000|100%| O|  |TAMS 0x000000008c400000, 0x000000008c400000| Untracked 
| 197|0x000000008c500000, 0x000000008c600000, 0x000000008c600000|100%| O|  |TAMS 0x000000008c500000, 0x000000008c500000| Untracked 
| 198|0x000000008c600000, 0x000000008c700000, 0x000000008c700000|100%| O|  |TAMS 0x000000008c600000, 0x000000008c600000| Untracked 
| 199|0x000000008c700000, 0x000000008c800000, 0x000000008c800000|100%| O|  |TAMS 0x000000008c700000, 0x000000008c700000| Untracked 
| 200|0x000000008c800000, 0x000000008c900000, 0x000000008c900000|100%| O|  |TAMS 0x000000008c800000, 0x000000008c800000| Untracked 
| 201|0x000000008c900000, 0x000000008ca00000, 0x000000008ca00000|100%| O|  |TAMS 0x000000008c900000, 0x000000008c900000| Untracked 
| 202|0x000000008ca00000, 0x000000008cb00000, 0x000000008cb00000|100%| O|  |TAMS 0x000000008ca00000, 0x000000008ca00000| Untracked 
| 203|0x000000008cb00000, 0x000000008cc00000, 0x000000008cc00000|100%| O|  |TAMS 0x000000008cb00000, 0x000000008cb00000| Untracked 
| 204|0x000000008cc00000, 0x000000008cd00000, 0x000000008cd00000|100%| O|  |TAMS 0x000000008cc00000, 0x000000008cc00000| Untracked 
| 205|0x000000008cd00000, 0x000000008ce00000, 0x000000008ce00000|100%| O|  |TAMS 0x000000008cd00000, 0x000000008cd00000| Untracked 
| 206|0x000000008ce00000, 0x000000008cf00000, 0x000000008cf00000|100%| O|  |TAMS 0x000000008ce00000, 0x000000008ce00000| Untracked 
| 207|0x000000008cf00000, 0x000000008d000000, 0x000000008d000000|100%| O|  |TAMS 0x000000008cf00000, 0x000000008cf00000| Untracked 
| 208|0x000000008d000000, 0x000000008d100000, 0x000000008d100000|100%| O|  |TAMS 0x000000008d000000, 0x000000008d000000| Untracked 
| 209|0x000000008d100000, 0x000000008d200000, 0x000000008d200000|100%| O|  |TAMS 0x000000008d100000, 0x000000008d100000| Untracked 
| 210|0x000000008d200000, 0x000000008d300000, 0x000000008d300000|100%| O|  |TAMS 0x000000008d200000, 0x000000008d200000| Untracked 
| 211|0x000000008d300000, 0x000000008d400000, 0x000000008d400000|100%| O|  |TAMS 0x000000008d300000, 0x000000008d300000| Untracked 
| 212|0x000000008d400000, 0x000000008d500000, 0x000000008d500000|100%| O|  |TAMS 0x000000008d400000, 0x000000008d400000| Untracked 
| 213|0x000000008d500000, 0x000000008d600000, 0x000000008d600000|100%| O|  |TAMS 0x000000008d500000, 0x000000008d500000| Untracked 
| 214|0x000000008d600000, 0x000000008d700000, 0x000000008d700000|100%| O|  |TAMS 0x000000008d600000, 0x000000008d600000| Untracked 
| 215|0x000000008d700000, 0x000000008d800000, 0x000000008d800000|100%| O|  |TAMS 0x000000008d700000, 0x000000008d700000| Untracked 
| 216|0x000000008d800000, 0x000000008d900000, 0x000000008d900000|100%| O|  |TAMS 0x000000008d800000, 0x000000008d800000| Untracked 
| 217|0x000000008d900000, 0x000000008da00000, 0x000000008da00000|100%| O|  |TAMS 0x000000008d900000, 0x000000008d900000| Untracked 
| 218|0x000000008da00000, 0x000000008db00000, 0x000000008db00000|100%| O|  |TAMS 0x000000008da00000, 0x000000008da00000| Untracked 
| 219|0x000000008db00000, 0x000000008dc00000, 0x000000008dc00000|100%| O|  |TAMS 0x000000008db00000, 0x000000008db00000| Untracked 
| 220|0x000000008dc00000, 0x000000008dd00000, 0x000000008dd00000|100%| O|  |TAMS 0x000000008dc00000, 0x000000008dc00000| Untracked 
| 221|0x000000008dd00000, 0x000000008de00000, 0x000000008de00000|100%| O|  |TAMS 0x000000008dd00000, 0x000000008dd00000| Untracked 
| 222|0x000000008de00000, 0x000000008df00000, 0x000000008df00000|100%| O|  |TAMS 0x000000008de00000, 0x000000008de00000| Untracked 
| 223|0x000000008df00000, 0x000000008e000000, 0x000000008e000000|100%| O|  |TAMS 0x000000008df00000, 0x000000008df00000| Untracked 
| 224|0x000000008e000000, 0x000000008e100000, 0x000000008e100000|100%| O|  |TAMS 0x000000008e000000, 0x000000008e000000| Untracked 
| 225|0x000000008e100000, 0x000000008e200000, 0x000000008e200000|100%| O|  |TAMS 0x000000008e100000, 0x000000008e100000| Untracked 
| 226|0x000000008e200000, 0x000000008e300000, 0x000000008e300000|100%| O|  |TAMS 0x000000008e200000, 0x000000008e200000| Untracked 
| 227|0x000000008e300000, 0x000000008e400000, 0x000000008e400000|100%| O|  |TAMS 0x000000008e300000, 0x000000008e300000| Untracked 
| 228|0x000000008e400000, 0x000000008e500000, 0x000000008e500000|100%| O|  |TAMS 0x000000008e400000, 0x000000008e400000| Untracked 
| 229|0x000000008e500000, 0x000000008e600000, 0x000000008e600000|100%| O|  |TAMS 0x000000008e500000, 0x000000008e500000| Untracked 
| 230|0x000000008e600000, 0x000000008e700000, 0x000000008e700000|100%| O|  |TAMS 0x000000008e600000, 0x000000008e600000| Untracked 
| 231|0x000000008e700000, 0x000000008e800000, 0x000000008e800000|100%| O|  |TAMS 0x000000008e700000, 0x000000008e700000| Untracked 
| 232|0x000000008e800000, 0x000000008e900000, 0x000000008e900000|100%| O|  |TAMS 0x000000008e800000, 0x000000008e800000| Untracked 
| 233|0x000000008e900000, 0x000000008ea00000, 0x000000008ea00000|100%| O|  |TAMS 0x000000008e900000, 0x000000008e900000| Untracked 
| 234|0x000000008ea00000, 0x000000008eb00000, 0x000000008eb00000|100%| O|  |TAMS 0x000000008ea00000, 0x000000008ea00000| Untracked 
| 235|0x000000008eb00000, 0x000000008eba6c00, 0x000000008ec00000| 65%| O|  |TAMS 0x000000008eb00000, 0x000000008eb00000| Untracked 
| 236|0x000000008ec00000, 0x000000008ec00000, 0x000000008ed00000|  0%| F|  |TAMS 0x000000008ec00000, 0x000000008ec00000| Untracked 
| 237|0x000000008ed00000, 0x000000008ed00000, 0x000000008ee00000|  0%| F|  |TAMS 0x000000008ed00000, 0x000000008ed00000| Untracked 
| 238|0x000000008ee00000, 0x000000008ee00000, 0x000000008ef00000|  0%| F|  |TAMS 0x000000008ee00000, 0x000000008ee00000| Untracked 
| 239|0x000000008ef00000, 0x000000008ef00000, 0x000000008f000000|  0%| F|  |TAMS 0x000000008ef00000, 0x000000008ef00000| Untracked 
| 240|0x000000008f000000, 0x000000008f000000, 0x000000008f100000|  0%| F|  |TAMS 0x000000008f000000, 0x000000008f000000| Untracked 
| 241|0x000000008f100000, 0x000000008f100000, 0x000000008f200000|  0%| F|  |TAMS 0x000000008f100000, 0x000000008f100000| Untracked 
| 242|0x000000008f200000, 0x000000008f200000, 0x000000008f300000|  0%| F|  |TAMS 0x000000008f200000, 0x000000008f200000| Untracked 
| 243|0x000000008f300000, 0x000000008f300000, 0x000000008f400000|  0%| F|  |TAMS 0x000000008f300000, 0x000000008f300000| Untracked 
| 244|0x000000008f400000, 0x000000008f400000, 0x000000008f500000|  0%| F|  |TAMS 0x000000008f400000, 0x000000008f400000| Untracked 
| 245|0x000000008f500000, 0x000000008f500000, 0x000000008f600000|  0%| F|  |TAMS 0x000000008f500000, 0x000000008f500000| Untracked 
| 246|0x000000008f600000, 0x000000008f600000, 0x000000008f700000|  0%| F|  |TAMS 0x000000008f600000, 0x000000008f600000| Untracked 
| 247|0x000000008f700000, 0x000000008f700000, 0x000000008f800000|  0%| F|  |TAMS 0x000000008f700000, 0x000000008f700000| Untracked 
| 248|0x000000008f800000, 0x000000008f800000, 0x000000008f900000|  0%| F|  |TAMS 0x000000008f800000, 0x000000008f800000| Untracked 
| 249|0x000000008f900000, 0x000000008f900000, 0x000000008fa00000|  0%| F|  |TAMS 0x000000008f900000, 0x000000008f900000| Untracked 
| 250|0x000000008fa00000, 0x000000008fa00000, 0x000000008fb00000|  0%| F|  |TAMS 0x000000008fa00000, 0x000000008fa00000| Untracked 
| 251|0x000000008fb00000, 0x000000008fb00000, 0x000000008fc00000|  0%| F|  |TAMS 0x000000008fb00000, 0x000000008fb00000| Untracked 
| 252|0x000000008fc00000, 0x000000008fc00000, 0x000000008fd00000|  0%| F|  |TAMS 0x000000008fc00000, 0x000000008fc00000| Untracked 
| 253|0x000000008fd00000, 0x000000008fd00000, 0x000000008fe00000|  0%| F|  |TAMS 0x000000008fd00000, 0x000000008fd00000| Untracked 
| 254|0x000000008fe00000, 0x000000008fe00000, 0x000000008ff00000|  0%| F|  |TAMS 0x000000008fe00000, 0x000000008fe00000| Untracked 
| 255|0x000000008ff00000, 0x000000008ff00000, 0x0000000090000000|  0%| F|  |TAMS 0x000000008ff00000, 0x000000008ff00000| Untracked 
| 256|0x0000000090000000, 0x0000000090000000, 0x0000000090100000|  0%| F|  |TAMS 0x0000000090000000, 0x0000000090000000| Untracked 
| 257|0x0000000090100000, 0x000000009011a2f0, 0x0000000090200000| 10%| S|CS|TAMS 0x0000000090100000, 0x0000000090100000| Complete 
| 258|0x0000000090200000, 0x0000000090300000, 0x0000000090300000|100%| S|CS|TAMS 0x0000000090200000, 0x0000000090200000| Complete 
| 259|0x0000000090300000, 0x0000000090300000, 0x0000000090400000|  0%| F|  |TAMS 0x0000000090300000, 0x0000000090300000| Untracked 
| 260|0x0000000090400000, 0x0000000090400000, 0x0000000090500000|  0%| F|  |TAMS 0x0000000090400000, 0x0000000090400000| Untracked 
| 261|0x0000000090500000, 0x0000000090500000, 0x0000000090600000|  0%| F|  |TAMS 0x0000000090500000, 0x0000000090500000| Untracked 
| 262|0x0000000090600000, 0x0000000090600000, 0x0000000090700000|  0%| F|  |TAMS 0x0000000090600000, 0x0000000090600000| Untracked 
| 263|0x0000000090700000, 0x0000000090700000, 0x0000000090800000|  0%| F|  |TAMS 0x0000000090700000, 0x0000000090700000| Untracked 
| 264|0x0000000090800000, 0x0000000090800000, 0x0000000090900000|  0%| F|  |TAMS 0x0000000090800000, 0x0000000090800000| Untracked 
| 265|0x0000000090900000, 0x0000000090900000, 0x0000000090a00000|  0%| F|  |TAMS 0x0000000090900000, 0x0000000090900000| Untracked 
| 266|0x0000000090a00000, 0x0000000090a00000, 0x0000000090b00000|  0%| F|  |TAMS 0x0000000090a00000, 0x0000000090a00000| Untracked 
| 267|0x0000000090b00000, 0x0000000090b00000, 0x0000000090c00000|  0%| F|  |TAMS 0x0000000090b00000, 0x0000000090b00000| Untracked 
| 268|0x0000000090c00000, 0x0000000090c00000, 0x0000000090d00000|  0%| F|  |TAMS 0x0000000090c00000, 0x0000000090c00000| Untracked 
| 269|0x0000000090d00000, 0x0000000090d00000, 0x0000000090e00000|  0%| F|  |TAMS 0x0000000090d00000, 0x0000000090d00000| Untracked 
| 270|0x0000000090e00000, 0x0000000090e00000, 0x0000000090f00000|  0%| F|  |TAMS 0x0000000090e00000, 0x0000000090e00000| Untracked 
| 271|0x0000000090f00000, 0x0000000090f00000, 0x0000000091000000|  0%| F|  |TAMS 0x0000000090f00000, 0x0000000090f00000| Untracked 

Card table byte_map: [0x00000275f4b00000,0x00000275f4f00000] _byte_map_base: 0x00000275f4700000

Marking Bits (Prev, Next): (CMBitMap*) 0x00000275dcfe66f8, (CMBitMap*) 0x00000275dcfe6730
 Prev Bits: [0x00000275f5300000, 0x00000275f7300000)
 Next Bits: [0x00000275f7300000, 0x00000275f9300000)

Polling page: 0x00000275daeb0000

Metaspace:

Usage:
  Non-class:    116.89 MB capacity,   113.78 MB ( 97%) used,     2.63 MB (  2%) free+waste,   486.38 KB ( <1%) overhead. 
      Class:     18.53 MB capacity,    16.60 MB ( 90%) used,     1.71 MB (  9%) free+waste,   217.63 KB (  1%) overhead. 
       Both:    135.42 MB capacity,   130.38 MB ( 96%) used,     4.35 MB (  3%) free+waste,   704.00 KB ( <1%) overhead. 

Virtual space:
  Non-class space:      118.00 MB reserved,     117.01 MB (>99%) committed 
      Class space:      504.00 MB reserved,      18.63 MB (  4%) committed 
             Both:      622.00 MB reserved,     135.63 MB ( 22%) committed 

Chunk freelists:
   Non-Class:  0 bytes
       Class:  0 bytes
        Both:  0 bytes

MaxMetaspaceSize: 512.00 MB
CompressedClassSpaceSize: 504.00 MB
Initial GC threshold: 20.80 MB
Current GC threshold: 224.60 MB
CDS: off

CodeHeap 'non-profiled nmethods': size=120064Kb used=18501Kb max_used=19075Kb free=101562Kb
 bounds [0x00000275ed1c0000, 0x00000275ee470000, 0x00000275f4700000]
CodeHeap 'profiled nmethods': size=120000Kb used=42624Kb max_used=46786Kb free=77375Kb
 bounds [0x00000275e5c90000, 0x00000275e8bf0000, 0x00000275ed1c0000]
CodeHeap 'non-nmethods': size=5696Kb used=2454Kb max_used=2516Kb free=3241Kb
 bounds [0x00000275e5700000, 0x00000275e5980000, 0x00000275e5c90000]
 total_blobs=20183 nmethods=19187 adapters=908
 compilation: enabled
              stopped_count=0, restarted_count=0
 full_count=0

Compilation events (20 events):
Event: 434.238 Thread 0x00000275fbcbf000 23589 %     4       com.android.tools.r8.ir.regalloc.b::i @ 335 (614 bytes)
Event: 434.287 Thread 0x00000275fbcc0800 23590       3       com.android.tools.r8.internal.HD$$Lambda$1701/0x00000001011bac40::test (20 bytes)
Event: 434.287 Thread 0x00000275fbcc0800 nmethod 23590 0x00000275e5c95290 code [0x00000275e5c95460, 0x00000275e5c956a8]
Event: 434.817 Thread 0x00000275fbcc0800 23592 %     3       com.android.tools.r8.graph.K2::a @ 10 (39 bytes)
Event: 434.818 Thread 0x00000275fbcc0800 nmethod 23592% 0x00000275e5d73190 code [0x00000275e5d73380, 0x00000275e5d73888]
Event: 434.818 Thread 0x00000275fbcc0800 23593       3       com.android.tools.r8.graph.K2::a (39 bytes)
Event: 434.819 Thread 0x00000275fbcc0800 nmethod 23593 0x00000275e5cd1910 code [0x00000275e5cd1b00, 0x00000275e5cd1f88]
Event: 434.891 Thread 0x00000275fbcbf000 nmethod 23589% 0x00000275ed3cf010 code [0x00000275ed3cf580, 0x00000275ed3d44f0]
Event: 434.891 Thread 0x00000275fbcbf000 23591       4       com.android.tools.r8.internal.Ja::a (6 bytes)
Event: 434.900 Thread 0x00000275fbcbf000 nmethod 23591 0x00000275ed1d9f90 code [0x00000275ed1da160, 0x00000275ed1da388]
Event: 434.960 Thread 0x00000275fbcbf000 23595       4       com.android.tools.r8.internal.HD::a (115 bytes)
Event: 434.987 Thread 0x00000275fbcbf000 nmethod 23595 0x00000275edce8d90 code [0x00000275edce8fa0, 0x00000275edce97f8]
Event: 435.006 Thread 0x00000275fbcbf000 23596       4       com.android.tools.r8.internal.nf$$Lambda$1737/0x00000001011dc840::compare (12 bytes)
Event: 435.008 Thread 0x00000275fbcbf000 nmethod 23596 0x00000275ed1d9c10 code [0x00000275ed1d9dc0, 0x00000275ed1d9e98]
Event: 435.109 Thread 0x00000275fbcc0800 23597       3       com.android.tools.r8.internal.qb::a (218 bytes)
Event: 435.116 Thread 0x00000275fbcc0800 nmethod 23597 0x00000275e69ef590 code [0x00000275e69efae0, 0x00000275e69f2a18]
Event: 435.122 Thread 0x00000275fbcc0800 23598       3       com.android.tools.r8.internal.Pl::a (38 bytes)
Event: 435.124 Thread 0x00000275fbcc0800 nmethod 23598 0x00000275e6d84510 code [0x00000275e6d84740, 0x00000275e6d84c68]
Event: 435.126 Thread 0x00000275fbcc0800 23599       3       com.android.tools.r8.internal.nf::a (110 bytes)
Event: 435.130 Thread 0x00000275fbcc0800 nmethod 23599 0x00000275e7462610 code [0x00000275e74629a0, 0x00000275e7464678]

GC Heap History (20 events):
Event: 429.036 GC heap after
{Heap after GC invocations=190 (full 0):
 garbage-first heap   total 278528K, used 241542K [0x0000000080000000, 0x0000000100000000)
  region size 1024K, 2 young (2048K), 2 survivors (2048K)
 Metaspace       used 133511K, capacity 138667K, committed 138888K, reserved 636928K
  class space    used 17001K, capacity 18973K, committed 19072K, reserved 516096K
}
Event: 429.972 GC heap before
{Heap before GC invocations=190 (full 0):
 garbage-first heap   total 278528K, used 252806K [0x0000000080000000, 0x0000000100000000)
  region size 1024K, 13 young (13312K), 2 survivors (2048K)
 Metaspace       used 133511K, capacity 138667K, committed 138888K, reserved 636928K
  class space    used 17001K, capacity 18973K, committed 19072K, reserved 516096K
}
Event: 429.984 GC heap after
{Heap after GC invocations=191 (full 0):
 garbage-first heap   total 278528K, used 241711K [0x0000000080000000, 0x0000000100000000)
  region size 1024K, 2 young (2048K), 2 survivors (2048K)
 Metaspace       used 133511K, capacity 138667K, committed 138888K, reserved 636928K
  class space    used 17001K, capacity 18973K, committed 19072K, reserved 516096K
}
Event: 430.229 GC heap before
{Heap before GC invocations=191 (full 0):
 garbage-first heap   total 278528K, used 252975K [0x0000000080000000, 0x0000000100000000)
  region size 1024K, 13 young (13312K), 2 survivors (2048K)
 Metaspace       used 133511K, capacity 138667K, committed 138888K, reserved 636928K
  class space    used 17001K, capacity 18973K, committed 19072K, reserved 516096K
}
Event: 430.242 GC heap after
{Heap after GC invocations=192 (full 0):
 garbage-first heap   total 278528K, used 241697K [0x0000000080000000, 0x0000000100000000)
  region size 1024K, 2 young (2048K), 2 survivors (2048K)
 Metaspace       used 133511K, capacity 138667K, committed 138888K, reserved 636928K
  class space    used 17001K, capacity 18973K, committed 19072K, reserved 516096K
}
Event: 430.599 GC heap before
{Heap before GC invocations=192 (full 0):
 garbage-first heap   total 278528K, used 252961K [0x0000000080000000, 0x0000000100000000)
  region size 1024K, 13 young (13312K), 2 survivors (2048K)
 Metaspace       used 133511K, capacity 138667K, committed 138888K, reserved 636928K
  class space    used 17001K, capacity 18973K, committed 19072K, reserved 516096K
}
Event: 430.610 GC heap after
{Heap after GC invocations=193 (full 0):
 garbage-first heap   total 278528K, used 241888K [0x0000000080000000, 0x0000000100000000)
  region size 1024K, 2 young (2048K), 2 survivors (2048K)
 Metaspace       used 133511K, capacity 138667K, committed 138888K, reserved 636928K
  class space    used 17001K, capacity 18973K, committed 19072K, reserved 516096K
}
Event: 430.908 GC heap before
{Heap before GC invocations=193 (full 0):
 garbage-first heap   total 278528K, used 253152K [0x0000000080000000, 0x0000000100000000)
  region size 1024K, 13 young (13312K), 2 survivors (2048K)
 Metaspace       used 133511K, capacity 138667K, committed 138888K, reserved 636928K
  class space    used 17001K, capacity 18973K, committed 19072K, reserved 516096K
}
Event: 430.919 GC heap after
{Heap after GC invocations=194 (full 0):
 garbage-first heap   total 278528K, used 241976K [0x0000000080000000, 0x0000000100000000)
  region size 1024K, 2 young (2048K), 2 survivors (2048K)
 Metaspace       used 133511K, capacity 138667K, committed 138888K, reserved 636928K
  class space    used 17001K, capacity 18973K, committed 19072K, reserved 516096K
}
Event: 431.664 GC heap before
{Heap before GC invocations=194 (full 0):
 garbage-first heap   total 278528K, used 253240K [0x0000000080000000, 0x0000000100000000)
  region size 1024K, 13 young (13312K), 2 survivors (2048K)
 Metaspace       used 133511K, capacity 138667K, committed 138888K, reserved 636928K
  class space    used 17001K, capacity 18973K, committed 19072K, reserved 516096K
}
Event: 431.677 GC heap after
{Heap after GC invocations=195 (full 0):
 garbage-first heap   total 278528K, used 242019K [0x0000000080000000, 0x0000000100000000)
  region size 1024K, 2 young (2048K), 2 survivors (2048K)
 Metaspace       used 133511K, capacity 138667K, committed 138888K, reserved 636928K
  class space    used 17001K, capacity 18973K, committed 19072K, reserved 516096K
}
Event: 432.228 GC heap before
{Heap before GC invocations=195 (full 0):
 garbage-first heap   total 278528K, used 253283K [0x0000000080000000, 0x0000000100000000)
  region size 1024K, 13 young (13312K), 2 survivors (2048K)
 Metaspace       used 133511K, capacity 138667K, committed 138888K, reserved 636928K
  class space    used 17001K, capacity 18973K, committed 19072K, reserved 516096K
}
Event: 432.243 GC heap after
{Heap after GC invocations=196 (full 0):
 garbage-first heap   total 278528K, used 242210K [0x0000000080000000, 0x0000000100000000)
  region size 1024K, 2 young (2048K), 2 survivors (2048K)
 Metaspace       used 133511K, capacity 138667K, committed 138888K, reserved 636928K
  class space    used 17001K, capacity 18973K, committed 19072K, reserved 516096K
}
Event: 433.164 GC heap before
{Heap before GC invocations=196 (full 0):
 garbage-first heap   total 278528K, used 253474K [0x0000000080000000, 0x0000000100000000)
  region size 1024K, 13 young (13312K), 2 survivors (2048K)
 Metaspace       used 133511K, capacity 138667K, committed 138888K, reserved 636928K
  class space    used 17001K, capacity 18973K, committed 19072K, reserved 516096K
}
Event: 433.175 GC heap after
{Heap after GC invocations=197 (full 0):
 garbage-first heap   total 278528K, used 242144K [0x0000000080000000, 0x0000000100000000)
  region size 1024K, 1 young (1024K), 1 survivors (1024K)
 Metaspace       used 133511K, capacity 138667K, committed 138888K, reserved 636928K
  class space    used 17001K, capacity 18973K, committed 19072K, reserved 516096K
}
Event: 433.658 GC heap before
{Heap before GC invocations=197 (full 0):
 garbage-first heap   total 278528K, used 254432K [0x0000000080000000, 0x0000000100000000)
  region size 1024K, 13 young (13312K), 1 survivors (1024K)
 Metaspace       used 133511K, capacity 138667K, committed 138888K, reserved 636928K
  class space    used 17001K, capacity 18973K, committed 19072K, reserved 516096K
}
Event: 433.670 GC heap after
{Heap after GC invocations=198 (full 0):
 garbage-first heap   total 278528K, used 242246K [0x0000000080000000, 0x0000000100000000)
  region size 1024K, 2 young (2048K), 2 survivors (2048K)
 Metaspace       used 133511K, capacity 138667K, committed 138888K, reserved 636928K
  class space    used 17001K, capacity 18973K, committed 19072K, reserved 516096K
}
Event: 434.151 GC heap before
{Heap before GC invocations=198 (full 0):
 garbage-first heap   total 278528K, used 253510K [0x0000000080000000, 0x0000000100000000)
  region size 1024K, 13 young (13312K), 2 survivors (2048K)
 Metaspace       used 133511K, capacity 138667K, committed 138888K, reserved 636928K
  class space    used 17001K, capacity 18973K, committed 19072K, reserved 516096K
}
Event: 434.162 GC heap after
{Heap after GC invocations=199 (full 0):
 garbage-first heap   total 278528K, used 242354K [0x0000000080000000, 0x0000000100000000)
  region size 1024K, 2 young (2048K), 2 survivors (2048K)
 Metaspace       used 133511K, capacity 138667K, committed 138888K, reserved 636928K
  class space    used 17001K, capacity 18973K, committed 19072K, reserved 516096K
}
Event: 435.131 GC heap before
{Heap before GC invocations=199 (full 0):
 garbage-first heap   total 278528K, used 253618K [0x0000000080000000, 0x0000000100000000)
  region size 1024K, 13 young (13312K), 2 survivors (2048K)
 Metaspace       used 133511K, capacity 138667K, committed 138888K, reserved 636928K
  class space    used 17001K, capacity 18973K, committed 19072K, reserved 516096K
}

Deoptimization events (20 events):
Event: 428.823 Thread 0x00000275fe3f7800 DEOPT PACKING pc=0x00000275edd0b308 sp=0x000000e09bdf7040
Event: 428.823 Thread 0x00000275fe3f7800 DEOPT UNPACKING pc=0x00000275e574a1a9 sp=0x000000e09bdf7098 mode 2
Event: 429.278 Thread 0x00000275fe3f7800 Uncommon trap: trap_request=0xffffffbe fr.pc=0x00000275edd0b308 relative=0x0000000000003c48
Event: 429.278 Thread 0x00000275fe3f7800 Uncommon trap: reason=profile_predicate action=maybe_recompile pc=0x00000275edd0b308 method=com.android.tools.r8.ir.regalloc.b.a(Lcom/android/tools/r8/internal/Hs;Lcom/android/tools/r8/internal/Mo;)V @ 228 c2
Event: 429.278 Thread 0x00000275fe3f7800 DEOPT PACKING pc=0x00000275edd0b308 sp=0x000000e09bdf7040
Event: 429.278 Thread 0x00000275fe3f7800 DEOPT UNPACKING pc=0x00000275e574a1a9 sp=0x000000e09bdf7098 mode 2
Event: 429.282 Thread 0x00000275fe3f7800 Uncommon trap: trap_request=0xffffff4d fr.pc=0x00000275edd10f1c relative=0x0000000000001a3c
Event: 429.282 Thread 0x00000275fe3f7800 Uncommon trap: reason=unstable_if action=reinterpret pc=0x00000275edd10f1c method=com.android.tools.r8.ir.regalloc.b.a(Lcom/android/tools/r8/ir/regalloc/c;ILcom/android/tools/r8/ir/regalloc/e;ZI)Z @ 89 c2
Event: 429.282 Thread 0x00000275fe3f7800 DEOPT PACKING pc=0x00000275edd10f1c sp=0x000000e09bdf6f10
Event: 429.282 Thread 0x00000275fe3f7800 DEOPT UNPACKING pc=0x00000275e574a1a9 sp=0x000000e09bdf6f20 mode 2
Event: 433.722 Thread 0x00000275fe3f7800 Uncommon trap: trap_request=0xffffff4d fr.pc=0x00000275ee33f6ac relative=0x00000000000006ec
Event: 433.723 Thread 0x00000275fe3f7800 Uncommon trap: reason=unstable_if action=reinterpret pc=0x00000275ee33f6ac method=com.android.tools.r8.internal.qb.r(Lcom/android/tools/r8/internal/Sl;)Lcom/android/tools/r8/internal/lb; @ 381 c2
Event: 433.723 Thread 0x00000275fe3f7800 DEOPT PACKING pc=0x00000275ee33f6ac sp=0x000000e09bdf74c0
Event: 433.723 Thread 0x00000275fe3f7800 DEOPT UNPACKING pc=0x00000275e574a1a9 sp=0x000000e09bdf7498 mode 2
Event: 434.238 Thread 0x00000275fe3f7800 Uncommon trap: trap_request=0xffffffc6 fr.pc=0x00000275ee0386bc relative=0x0000000000002a9c
Event: 434.238 Thread 0x00000275fe3f7800 Uncommon trap: reason=bimorphic_or_optimized_type_check action=maybe_recompile pc=0x00000275ee0386bc method=com.android.tools.r8.ir.regalloc.b.i()V @ 386 c2
Event: 434.238 Thread 0x00000275fe3f7800 DEOPT PACKING pc=0x00000275ee0386bc sp=0x000000e09bdf6ef0
Event: 434.238 Thread 0x00000275fe3f7800 DEOPT UNPACKING pc=0x00000275e574a1a9 sp=0x000000e09bdf6ef0 mode 2
Event: 434.819 Thread 0x00000275fe3f7800 DEOPT PACKING pc=0x00000275e67a3681 sp=0x000000e09bdf7220
Event: 434.819 Thread 0x00000275fe3f7800 DEOPT UNPACKING pc=0x00000275e574a93f sp=0x000000e09bdf66e0 mode 0

Classes redefined (0 events):
No events

Internal exceptions (20 events):
Event: 223.071 Thread 0x00000275fe3f7800 Exception <a 'java/lang/IncompatibleClassChangeError'{0x000000008e10be48}: Found class java.lang.Object, but interface was expected> (0x000000008e10be48) thrown at [./src/hotspot/share/interpreter/linkResolver.cpp, line 839]
Event: 223.850 Thread 0x00000275fe3f7800 Exception <a 'java/lang/NoSuchMethodError'{0x000000008dd31668}: 'void java.lang.invoke.DirectMethodHandle$Holder.invokeSpecial(java.lang.Object, java.lang.Object, int)'> (0x000000008dd31668) thrown at [./src/hotspot/share/interpreter/linkResolver.cpp, line 773]
Event: 224.247 Thread 0x00000275fe3f7800 Exception <a 'sun/nio/fs/WindowsException'{0x000000008dc723b0}> (0x000000008dc723b0) thrown at [./src/hotspot/share/prims/jni.cpp, line 617]
Event: 224.357 Thread 0x00000275fe3f7800 Exception <a 'java/lang/NoSuchMethodError'{0x000000008dcf1ea0}: 'java.lang.Object java.lang.invoke.DirectMethodHandle$Holder.newInvokeSpecial(java.lang.Object, java.lang.Object, java.lang.Object, java.lang.Object)'> (0x000000008dcf1ea0) thrown at [./src/hotspot/share/interpreter/linkResolver.cpp, line 773]
Event: 224.852 Thread 0x00000275fe3f7800 Exception <a 'sun/nio/fs/WindowsException'{0x0000000090990670}> (0x0000000090990670) thrown at [./src/hotspot/share/prims/jni.cpp, line 617]
Event: 228.517 Thread 0x00000275fe3f7800 Exception <a 'sun/nio/fs/WindowsException'{0x000000008e73a3a0}> (0x000000008e73a3a0) thrown at [./src/hotspot/share/prims/jni.cpp, line 617]
Event: 228.521 Thread 0x00000275fe3f7800 Implicit null exception at 0x00000275edc2db20 to 0x00000275edc2e294
Event: 229.340 Thread 0x00000275fe3f7800 Exception <a 'sun/nio/fs/WindowsException'{0x000000008d3e0e58}> (0x000000008d3e0e58) thrown at [./src/hotspot/share/prims/jni.cpp, line 617]
Event: 234.788 Thread 0x00000275fe3f7800 Implicit null exception at 0x00000275edcf706f to 0x00000275edcfa03c
Event: 287.237 Thread 0x00000275fe3f7800 Exception <a 'sun/nio/fs/WindowsException'{0x000000008f77c680}> (0x000000008f77c680) thrown at [./src/hotspot/share/prims/jni.cpp, line 617]
Event: 288.147 Thread 0x00000275fe3f7800 Exception <a 'sun/nio/fs/WindowsException'{0x000000008ecb2540}> (0x000000008ecb2540) thrown at [./src/hotspot/share/prims/jni.cpp, line 617]
Event: 315.481 Thread 0x00000275fe3f7800 Exception <a 'sun/nio/fs/WindowsException'{0x000000008e70bb10}> (0x000000008e70bb10) thrown at [./src/hotspot/share/prims/jni.cpp, line 617]
Event: 318.507 Thread 0x00000275fe3f7800 Exception <a 'sun/nio/fs/WindowsException'{0x0000000090d35430}> (0x0000000090d35430) thrown at [./src/hotspot/share/prims/jni.cpp, line 617]
Event: 359.585 Thread 0x00000275fe3f7800 Exception <a 'java/lang/NoSuchMethodError'{0x0000000090a7e210}: 'java.lang.Object java.lang.invoke.DirectMethodHandle$Holder.invokeSpecial(java.lang.Object, java.lang.Object, java.lang.Object, java.lang.Object, java.lang.Object, java.lang.Object, java.lang.Object, java.lang.Object, java.lang.Object, java.lang.Object, java.lang.Object)'> (0x0000000090a7e210) thrown at [./src/hotspot/share/interpreter/linkResolver.cpp, line 773]
Event: 359.587 Thread 0x00000275fe3f7800 Exception <a 'java/lang/NoSuchMethodError'{0x0000000090a8a3a8}: 'java.lang.Object java.lang.invoke.Invokers$Holder.linkToTargetMethod(java.lang.Object, java.lang.Object, java.lang.Object, java.lang.Object, java.lang.Object, java.lang.Object, java.lang.Object, java.lang.Object, java.lang.Object, java.lang.Object)'> (0x0000000090a8a3a8) thrown at [./src/hotspot/share/interpreter/linkResolver.cpp, line 773]
Event: 359.654 Thread 0x00000275fe3f7800 Exception <a 'java/lang/IncompatibleClassChangeError'{0x0000000090927fb8}: Found class java.lang.Object, but interface was expected> (0x0000000090927fb8) thrown at [./src/hotspot/share/interpreter/linkResolver.cpp, line 839]
Event: 365.956 Thread 0x00000275fe3f7800 Implicit null exception at 0x00000275ee1a65cc to 0x00000275ee1ab1b4
Event: 410.018 Thread 0x00000275fe3f7800 Exception <a 'java/lang/NoSuchMethodError'{0x0000000090b69468}: 'void java.lang.invoke.DirectMethodHandle$Holder.invokeSpecialIFC(java.lang.Object, java.lang.Object, java.lang.Object, java.lang.Object)'> (0x0000000090b69468) thrown at [./src/hotspot/share/interpreter/linkResolver.cpp, line 773]
Event: 410.031 Thread 0x00000275fe3f7800 Implicit null exception at 0x00000275ee35cacd to 0x00000275ee35d234
Event: 418.325 Thread 0x00000275fe3f7800 Implicit null exception at 0x00000275eda299d4 to 0x00000275eda2aaf8

Events (20 events):
Event: 429.036 Executing VM operation: G1CollectForAllocation done
Event: 429.972 Executing VM operation: G1CollectForAllocation
Event: 429.984 Executing VM operation: G1CollectForAllocation done
Event: 430.228 Executing VM operation: G1CollectForAllocation
Event: 430.242 Executing VM operation: G1CollectForAllocation done
Event: 430.599 Executing VM operation: G1CollectForAllocation
Event: 430.610 Executing VM operation: G1CollectForAllocation done
Event: 430.907 Executing VM operation: G1CollectForAllocation
Event: 430.920 Executing VM operation: G1CollectForAllocation done
Event: 431.663 Executing VM operation: G1CollectForAllocation
Event: 431.677 Executing VM operation: G1CollectForAllocation done
Event: 432.226 Executing VM operation: G1CollectForAllocation
Event: 432.243 Executing VM operation: G1CollectForAllocation done
Event: 433.164 Executing VM operation: G1CollectForAllocation
Event: 433.175 Executing VM operation: G1CollectForAllocation done
Event: 433.658 Executing VM operation: G1CollectForAllocation
Event: 433.670 Executing VM operation: G1CollectForAllocation done
Event: 434.151 Executing VM operation: G1CollectForAllocation
Event: 434.163 Executing VM operation: G1CollectForAllocation done
Event: 435.131 Executing VM operation: G1CollectForAllocation


Dynamic libraries:
0x00007ff6eca50000 - 0x00007ff6eca5d000 	C:\Program Files\OpenJDK\openjdk-11.0.15_10\bin\java.exe
0x00007ffe03f10000 - 0x00007ffe04108000 	C:\WINDOWS\SYSTEM32\ntdll.dll
0x00007ffe03550000 - 0x00007ffe0360d000 	C:\WINDOWS\System32\KERNEL32.DLL
0x00007ffe01820000 - 0x00007ffe01af2000 	C:\WINDOWS\System32\KERNELBASE.dll
0x00007ffe01c10000 - 0x00007ffe01d10000 	C:\WINDOWS\System32\ucrtbase.dll
0x00007ffdf6dc0000 - 0x00007ffdf6dd6000 	C:\Program Files\OpenJDK\openjdk-11.0.15_10\bin\VCRUNTIME140.dll
0x00007ffdf6f90000 - 0x00007ffdf6fa8000 	C:\Program Files\OpenJDK\openjdk-11.0.15_10\bin\jli.dll
0x00007ffe028c0000 - 0x00007ffe02a5d000 	C:\WINDOWS\System32\USER32.dll
0x00007ffe01620000 - 0x00007ffe01642000 	C:\WINDOWS\System32\win32u.dll
0x00007ffe03ea0000 - 0x00007ffe03ecb000 	C:\WINDOWS\System32\GDI32.dll
0x00007ffe01b00000 - 0x00007ffe01c0f000 	C:\WINDOWS\System32\gdi32full.dll
0x00007ffe016a0000 - 0x00007ffe0173d000 	C:\WINDOWS\System32\msvcp_win.dll
0x00007ffde7050000 - 0x00007ffde72ea000 	C:\WINDOWS\WinSxS\amd64_microsoft.windows.common-controls_6595b64144ccf1df_6.0.19041.1110_none_60b5254171f9507e\COMCTL32.dll
0x00007ffe03360000 - 0x00007ffe033fe000 	C:\WINDOWS\System32\msvcrt.dll
0x00007ffe03610000 - 0x00007ffe03640000 	C:\WINDOWS\System32\IMM32.DLL
0x00007ffdba1a0000 - 0x00007ffdba24a000 	C:\Program Files\OpenJDK\openjdk-11.0.15_10\bin\msvcp140.dll
0x00007ffda7b70000 - 0x00007ffda86c1000 	C:\Program Files\OpenJDK\openjdk-11.0.15_10\bin\server\jvm.dll
0x00007ffe038c0000 - 0x00007ffe0396e000 	C:\WINDOWS\System32\ADVAPI32.dll
0x00007ffe03b80000 - 0x00007ffe03c1c000 	C:\WINDOWS\System32\sechost.dll
0x00007ffe03980000 - 0x00007ffe03aa5000 	C:\WINDOWS\System32\RPCRT4.dll
0x00007ffe03d50000 - 0x00007ffe03d58000 	C:\WINDOWS\System32\PSAPI.DLL
0x00007ffde1c30000 - 0x00007ffde1c39000 	C:\WINDOWS\SYSTEM32\WSOCK32.dll
0x00007ffde30b0000 - 0x00007ffde30d7000 	C:\WINDOWS\SYSTEM32\WINMM.dll
0x00007ffe03700000 - 0x00007ffe0376b000 	C:\WINDOWS\System32\WS2_32.dll
0x00007ffdfa170000 - 0x00007ffdfa17a000 	C:\WINDOWS\SYSTEM32\VERSION.dll
0x00007ffdffec0000 - 0x00007ffdffed2000 	C:\WINDOWS\SYSTEM32\kernel.appcore.dll
0x00007ffdf6780000 - 0x00007ffdf6791000 	C:\Program Files\OpenJDK\openjdk-11.0.15_10\bin\verify.dll
0x00007ffdffb80000 - 0x00007ffdffd64000 	C:\WINDOWS\SYSTEM32\DBGHELP.DLL
0x00007ffded180000 - 0x00007ffded1ac000 	C:\WINDOWS\SYSTEM32\dbgcore.DLL
0x00007ffe01ee0000 - 0x00007ffe01f62000 	C:\WINDOWS\System32\bcryptPrimitives.dll
0x00007ffdf6410000 - 0x00007ffdf6439000 	C:\Program Files\OpenJDK\openjdk-11.0.15_10\bin\java.dll
0x00007ffdfaef0000 - 0x00007ffdfaefa000 	C:\Program Files\OpenJDK\openjdk-11.0.15_10\bin\jimage.dll
0x00007ffdf5ac0000 - 0x00007ffdf5ad8000 	C:\Program Files\OpenJDK\openjdk-11.0.15_10\bin\zip.dll
0x00007ffe02a60000 - 0x00007ffe031a3000 	C:\WINDOWS\System32\SHELL32.dll
0x00007ffdff310000 - 0x00007ffdffaa1000 	C:\WINDOWS\SYSTEM32\windows.storage.dll
0x00007ffe02500000 - 0x00007ffe02854000 	C:\WINDOWS\System32\combase.dll
0x00007ffe01080000 - 0x00007ffe010b0000 	C:\WINDOWS\SYSTEM32\Wldp.dll
0x00007ffe03df0000 - 0x00007ffe03e9d000 	C:\WINDOWS\System32\SHCORE.dll
0x00007ffe02860000 - 0x00007ffe028b5000 	C:\WINDOWS\System32\shlwapi.dll
0x00007ffe01560000 - 0x00007ffe0157f000 	C:\WINDOWS\SYSTEM32\profapi.dll
0x00007ffde78b0000 - 0x00007ffde78c9000 	C:\Program Files\OpenJDK\openjdk-11.0.15_10\bin\net.dll
0x00007ffdf9e60000 - 0x00007ffdf9f6d000 	C:\WINDOWS\SYSTEM32\WINHTTP.dll
0x00007ffe00de0000 - 0x00007ffe00e4a000 	C:\WINDOWS\system32\mswsock.dll
0x00007ffde6ed0000 - 0x00007ffde6ee3000 	C:\Program Files\OpenJDK\openjdk-11.0.15_10\bin\nio.dll
0x00007ffdf6ed0000 - 0x00007ffdf6ef7000 	C:\Users\shahariar\.gradle\native\e1d6ef7f7dcc3fd88c89a11ec53ec762bb8ba0a96d01ffa2cd45eb1d1d8dd5c5\windows-amd64\native-platform.dll
0x00007ffdc3dd0000 - 0x00007ffdc3f14000 	C:\Users\shahariar\.gradle\native\0d407fdbe67a94daf76414ababcb853783967236a71b16ec16e742cd7a986fd3\windows-amd64\native-platform-file-events.dll
0x00007ffdf6fb0000 - 0x00007ffdf6fb9000 	C:\Program Files\OpenJDK\openjdk-11.0.15_10\bin\management.dll
0x00007ffdf6ec0000 - 0x00007ffdf6ecc000 	C:\Program Files\OpenJDK\openjdk-11.0.15_10\bin\management_ext.dll
0x00007ffe00fe0000 - 0x00007ffe00ff8000 	C:\WINDOWS\SYSTEM32\CRYPTSP.dll
0x00007ffe00690000 - 0x00007ffe006c4000 	C:\WINDOWS\system32\rsaenh.dll
0x00007ffe017f0000 - 0x00007ffe01817000 	C:\WINDOWS\System32\bcrypt.dll
0x00007ffe014e0000 - 0x00007ffe0150e000 	C:\WINDOWS\SYSTEM32\USERENV.dll
0x00007ffe00fd0000 - 0x00007ffe00fdc000 	C:\WINDOWS\SYSTEM32\CRYPTBASE.dll
0x00007ffe00a80000 - 0x00007ffe00abb000 	C:\WINDOWS\SYSTEM32\IPHLPAPI.DLL
0x00007ffe03970000 - 0x00007ffe03978000 	C:\WINDOWS\System32\NSI.dll
0x00007ffdf44f0000 - 0x00007ffdf4507000 	C:\WINDOWS\SYSTEM32\dhcpcsvc6.DLL
0x00007ffdf4900000 - 0x00007ffdf491d000 	C:\WINDOWS\SYSTEM32\dhcpcsvc.DLL
0x00007ffe00ac0000 - 0x00007ffe00b8a000 	C:\WINDOWS\SYSTEM32\DNSAPI.dll
0x00007ffdefc20000 - 0x00007ffdefc3e000 	C:\Users\shahariar\AppData\Local\Temp\native-platform9600701574907608188dir\native-platform.dll
0x00007ffdf6e70000 - 0x00007ffdf6e77000 	C:\Program Files\OpenJDK\openjdk-11.0.15_10\bin\rmi.dll

dbghelp: loaded successfully - version: 4.0.5 - missing functions: none
symbol engine: initialized successfully - sym options: 0x614 - pdb path: .;C:\Program Files\OpenJDK\openjdk-11.0.15_10\bin;C:\WINDOWS\SYSTEM32;C:\WINDOWS\WinSxS\amd64_microsoft.windows.common-controls_6595b64144ccf1df_6.0.19041.1110_none_60b5254171f9507e;C:\Program Files\OpenJDK\openjdk-11.0.15_10\bin\server;C:\Users\shahariar\.gradle\native\e1d6ef7f7dcc3fd88c89a11ec53ec762bb8ba0a96d01ffa2cd45eb1d1d8dd5c5\windows-amd64;C:\Users\shahariar\.gradle\native\0d407fdbe67a94daf76414ababcb853783967236a71b16ec16e742cd7a986fd3\windows-amd64;C:\Users\shahariar\AppData\Local\Temp\native-platform9600701574907608188dir

VM Arguments:
jvm_args: -XX:MaxMetaspaceSize=512m --add-opens=java.base/java.util=ALL-UNNAMED --add-opens=java.base/java.lang=ALL-UNNAMED --add-opens=java.base/java.lang.invoke=ALL-UNNAMED --add-opens=java.base/java.util=ALL-UNNAMED --add-opens=java.prefs/java.util.prefs=ALL-UNNAMED --add-opens=java.prefs/java.util.prefs=ALL-UNNAMED --add-opens=java.base/java.nio.charset=ALL-UNNAMED --add-opens=java.base/java.net=ALL-UNNAMED --add-opens=java.base/java.util.concurrent.atomic=ALL-UNNAMED -Xmx2048m -Dfile.encoding=windows-1252 -Duser.country=US -Duser.language=en -Duser.variant 
java_command: org.gradle.launcher.daemon.bootstrap.GradleDaemon 7.5.1
java_class_path (initial): C:\Users\shahariar\.gradle\wrapper\dists\gradle-7.5.1-all\1ehga6e77gqps5uk2kc5kf1vc\gradle-7.5.1\lib\gradle-launcher-7.5.1.jar
Launcher Type: SUN_STANDARD

[Global flags]
     intx CICompilerCount                          = 2                                         {product} {ergonomic}
   size_t CompressedClassSpaceSize                 = 528482304                                 {product} {ergonomic}
     uint ConcGCThreads                            = 1                                         {product} {ergonomic}
     uint G1ConcRefinementThreads                  = 2                                         {product} {ergonomic}
   size_t G1HeapRegionSize                         = 1048576                                   {product} {ergonomic}
    uintx GCDrainStackTargetSize                   = 64                                        {product} {ergonomic}
   size_t InitialHeapSize                          = 65011712                                  {product} {ergonomic}
   size_t MarkStackSize                            = 4194304                                   {product} {ergonomic}
   size_t MaxHeapSize                              = 2147483648                                {product} {command line}
   size_t MaxMetaspaceSize                         = 536870912                                 {product} {command line}
   size_t MaxNewSize                               = 1287651328                                {product} {ergonomic}
   size_t MinHeapDeltaBytes                        = 1048576                                   {product} {ergonomic}
    uintx NonNMethodCodeHeapSize                   = 5825164                                {pd product} {ergonomic}
    uintx NonProfiledCodeHeapSize                  = 122916538                              {pd product} {ergonomic}
    uintx ProfiledCodeHeapSize                     = 122916538                              {pd product} {ergonomic}
    uintx ReservedCodeCacheSize                    = 251658240                              {pd product} {ergonomic}
     bool SegmentedCodeCache                       = true                                      {product} {ergonomic}
     bool UseCompressedClassPointers               = true                                 {lp64_product} {ergonomic}
     bool UseCompressedOops                        = true                                 {lp64_product} {ergonomic}
     bool UseG1GC                                  = true                                      {product} {ergonomic}
     bool UseLargePagesIndividualAllocation        = false                                  {pd product} {ergonomic}

Logging:
Log output configuration:
 #0: stdout all=warning uptime,level,tags
 #1: stderr all=off uptime,level,tags

Environment Variables:
JAVA_HOME=C:\Program Files\OpenJDK\openjdk-11.0.15_10
CLASSPATH=C:\Users\shahariar\Desktop\note\mynote\android\\gradle\wrapper\gradle-wrapper.jar
PATH=C:\Users\shahariar\Desktop\note\mynote\android\node_modules\.bin;C:\Users\shahariar\Desktop\note\mynote\node_modules\.bin;C:\Users\shahariar\Desktop\note\node_modules\.bin;C:\Users\shahariar\Desktop\node_modules\.bin;C:\Users\shahariar\node_modules\.bin;C:\Users\node_modules\.bin;C:\node_modules\.bin;C:\Users\shahariar\node_modules\node\bin;C:\Users\shahariar\Desktop\note\mynote\node_modules\.bin;C:\Users\shahariar\Desktop\note\node_modules\.bin;C:\Users\shahariar\Desktop\node_modules\.bin;C:\Users\shahariar\node_modules\.bin;C:\Users\node_modules\.bin;C:\node_modules\.bin;C:\Program Files\nodejs\node_modules\npm\node_modules\@npmcli\run-script\lib\node-gyp-bin;C:\Program Files (x86)\Intel\TXE Components\iCLS\;C:\Program Files\Intel\TXE Components\iCLS\;C:\WINDOWS\system32;C:\WINDOWS;C:\WINDOWS\System32\Wbem;C:\WINDOWS\System32\WindowsPowerShell\v1.0\;C:\WINDOWS\System32\OpenSSH\;C:\Users\Administrator\AppData\Local\Microsoft\WindowsApps;C:\Recovery\OEM\Backup\;C:\Program Files\Intel\TXE Components\DAL\;C:\Program Files (x86)\Intel\TXE Components\DAL\;C:\Program Files\Intel\TXE Components\IPT\;C:\Program Files (x86)\Intel\TXE Components\IPT\;C:\Program Files\Intel\WiFi\bin\;C:\Program Files\Common Files\Intel\WirelessCommon\;C:\Users\shahariar\AppData\Local\Programs\Python\Python38-32;C:\WINDOWS\system32;C:\WINDOWS;C:\WINDOWS\System32\Wbem;C:\WINDOWS\System32\WindowsPowerShell\v1.0\;C:\WINDOWS\System32\OpenSSH\;C:\xampp\php;C:\ProgramData\ComposerSetup\bin;C:\Users\shahariar\node_modules;C:\Users\shahariar\Desktop\shaki\newapp;C:\MinGW\bin;C:\ProgramData\chocolatey\bin;C:\Program Files\OpenJDK\openjdk-8u302-b08\bin;C:\Users\shahariar\AppData\Local\Android\Sdk\platform-tools;C:\xampp\php;C:\Program Files\OpenJDK\openjdk-11.0.15_10\bin;C:\Program Files\Git\bin\;C:\Program Files\Git\cmd\;C:\Program Files (x86)\Git\cmd;C:\Users\shahariar\AppData\Roaming\npm;C:\Users\shahariar;C:\Users\shahariar\AppData\Local\Android\sdk\platform-tools;C:\Users\shahariar\AppData\Roamin
USERNAME=shahariar
LANG=en_US.UTF-8
OS=Windows_NT
PROCESSOR_IDENTIFIER=Intel64 Family 6 Model 92 Stepping 9, GenuineIntel



---------------  S Y S T E M  ---------------

OS: Windows 10 , 64 bit Build 19041 (10.0.19041.1889)
OS uptime: 8 days 13:58 hours

CPU:total 2 (initial active 2) (2 cores per cpu, 1 threads per core) family 6 model 92 stepping 9 microcode 0x32, cmov, cx8, fxsr, mmx, sse, sse2, sse3, ssse3, sse4.1, sse4.2, popcnt, aes, clmul, erms, 3dnowpref, tsc, tscinvbit, sha

Memory: 4k page, system-wide physical 3928M (356M free)
TotalPageFile size 12120M (AvailPageFile size 22M)
current process WorkingSet (physical memory assigned to process): 496M, peak: 584M
current process commit charge ("private bytes"): 727M, peak: 782M

vm_info: OpenJDK 64-Bit Server VM (11.0.15+10) for windows-amd64 JRE (11.0.15+10), built on Apr 21 2022 21:29:46 by "tester" with MS VC++ 15.5 (VS2017)

END.
